(15:52:52) INFO:    [Legendary]:        Legendary location: /opt/Heroic/resources/app.asar.unpacked/build/bin/x64/linux/legendary
(15:52:52) INFO:    [Gog]:              GOGDL location: /opt/Heroic/resources/app.asar.unpacked/build/bin/x64/linux/gogdl
(15:52:52) INFO:    [Connection]:       Connectivity: check-online
(15:52:52) INFO:    [Connection]:       Pinging external endpoints
(15:52:52) INFO:    [Gog]:              Checking for existing gog manifests
(15:52:52) WARNING: [Backend]:          Protocol already registered.
(15:52:52) INFO:    [Legendary]:        Running command: LEGENDARY_CONFIG_PATH=/home/vmdjavem/.config/heroic/legendaryConfig/legendary /opt/Heroic/resources/app.asar.unpacked/build/bin/x64/linux/legendary --version
(15:52:52) INFO:    [Gog]:              Running command: GOGDL_CONFIG_PATH=/home/vmdjavem/.config/heroic/gogdlConfig /opt/Heroic/resources/app.asar.unpacked/build/bin/x64/linux/gogdl --auth-config-path /home/vmdjavem/.config/heroic/gog_store/auth.json --version
(15:52:52) INFO:    [Nile]:             Running command: NILE_CONFIG_PATH=/home/vmdjavem/.config/heroic/nile_config /opt/Heroic/resources/app.asar.unpacked/build/bin/x64/linux/nile --version
(15:52:53) INFO:    [Backend]:          
System Information:
CPU: 12x AMD Ryzen 5 7600X 6-Core Processor
Memory: 32.7 GB (used: 4.04 GB)
GPUs:
  GPU 0:
    Name: Advanced Micro Devices, Inc. [AMD/ATI] Raphael
    IDs: D=164e V=1002 SD=7e26 SV=1462
    Driver: amdgpu
  GPU 1:
    Name: Advanced Micro Devices, Inc. [AMD/ATI] Navi 32 [Radeon RX 7700 XT / 7800 XT]
    IDs: D=747e V=1002 SD=f475 SV=1da2
    Driver: amdgpu
OS: EndeavourOS 6.14.4-arch1-2 (linux)

The current system is not a Steam Deck
We are not running inside a Flatpak container

Software Versions:
  Heroic: 2.16.1 Scopper Gaban
  Legendary: 0.20.36 Urban Flight (Heroic)
  gogdl: 1.1.2
  comet: comet 0.2.0
  Nile: 1.1.2 Will A. Zeppeli

(15:52:53) INFO:    [Connection]:       Connectivity: online
(15:52:53) ERROR:   [Gog]:              Unable to syncQueued playtime, userData not present
(15:52:53) INFO:    [Gog]:              Running command: GOGDL_CONFIG_PATH=/home/vmdjavem/.config/heroic/gogdlConfig /opt/Heroic/resources/app.asar.unpacked/build/bin/x64/linux/gogdl --auth-config-path /home/vmdjavem/.config/heroic/gog_store/auth.json auth
(15:52:53) INFO:    [Frontend]:         Refreshing undefined Library
(15:52:53) WARNING: [Backend]:          refresh not implemented on Sideload Library Manager
(15:52:53) INFO:    [Legendary]:        Refreshing library...
(15:52:53) INFO:    [Legendary]:        Refreshing Epic Games...
(15:52:53) INFO:    [Backend]:          Frontend Ready
(15:52:53) INFO:    [Backend]:          Checking for new Heroic Updates
(15:52:53) INFO:    [Backend]:          Checking for current version changelog
(15:52:53) INFO:    [Backend]:          AreWeAntiCheatYet data downloaded
(15:52:53) INFO:    [Legendary]:        Running command: LEGENDARY_CONFIG_PATH=/home/vmdjavem/.config/heroic/legendaryConfig/legendary /opt/Heroic/resources/app.asar.unpacked/build/bin/x64/linux/legendary list --third-party
(15:52:55) INFO:    [Winetricks]:       Downloading Winetricks
(15:52:55) INFO:    [Backend]:          Launching Fallout New Vegas (tbhWercQ8m1gTSVqCEncDK)
(15:52:55) INFO:    [Backend]:          Preventing display from sleep
(15:52:55) INFO:    [Backend]:          Checking if wine version exists: Wine - Wine-GE-latest
(15:52:55) INFO:    [Backend]:          Checking if wine version exists: Wine - Wine-GE-latest
(15:52:55) INFO:    [Backend]:          Checking if wine version exists: Wine - Wine-GE-latest
(15:52:55) INFO:    [Backend]:          Checking if wine version exists: Wine - Wine-GE-latest
(15:52:55) DEBUG:   [Backend]:          Running Wine command: wineboot --init
(15:52:55) INFO:    [Backend]:          Preventing machine to sleep
(15:52:56) INFO:    [Legendary]:        Game list updated, got 97 games & DLCs
(15:52:56) WARNING: [Backend]:          listUpdateableGames not implemented on Sideload Library Manager
(15:52:57) INFO:    [Legendary]:        Checking for game updates: LEGENDARY_CONFIG_PATH=/home/vmdjavem/.config/heroic/legendaryConfig/legendary /opt/Heroic/resources/app.asar.unpacked/build/bin/x64/linux/legendary list --third-party
(15:52:57) INFO:    [WineDownloader]:   Updating wine versions info
(15:52:57) INFO:    [WineDownloader]:   Fetching upstream information...
(15:52:57) INFO:    [DXVKInstaller]:    installing dxvk on... /home/vmdjavem/Games/Heroic/Prefixes/default/Fallout New Vegas
(15:52:57) INFO:    [DXVKInstaller]:    dxvk already installed!
(15:52:57) INFO:    [DXVKInstaller]:    installing dxvk-nvapi on... /home/vmdjavem/Games/Heroic/Prefixes/default/Fallout New Vegas
(15:52:57) INFO:    [DXVKInstaller]:    dxvk-nvapi already installed!
(15:52:57) INFO:    [DXVKInstaller]:    installing vkd3d on... /home/vmdjavem/Games/Heroic/Prefixes/default/Fallout New Vegas
(15:52:57) INFO:    [DXVKInstaller]:    vkd3d already installed!
(15:52:58) INFO:    [Backend]:          Starting the Download Queue
(15:52:58) INFO:    [WineDownloader]:   wine versions updated
(15:52:58) INFO:    [Legendary]:        Found 0 games to update
(15:52:58) INFO:    [Backend]:          launching non-native sideloaded: /home/vmdjavem/Games/Heroic/Prefixes/default/Fallout New Vegas/drive_c/Program Files/Fallout - New Vegas/FalloutNVLauncher.exe 
(15:52:58) INFO:    [Backend]:          Checking if wine version exists: Wine - Wine-GE-latest
(15:52:58) DEBUG:   [Backend]:          Running Wine command: /home/vmdjavem/Games/Heroic/Prefixes/default/Fallout New Vegas/drive_c/Program Files/Fallout - New Vegas/FalloutNVLauncher.exe
(15:52:58) DEBUG:   [Backend]:          Logging to file "/home/vmdjavem/.config/heroic/GamesConfig/tbhWercQ8m1gTSVqCEncDK-lastPlay.log"
(15:52:58) INFO:    [Backend]:          Preventing display to sleep
(15:55:58) INFO:    [Connection]:       Connectivity: offline
(15:56:01) INFO:    [Connection]:       Connectivity: check-online
(15:56:01) INFO:    [Connection]:       Pinging external endpoints
(15:56:01) INFO:    [Connection]:       All ping requests failed:
(15:56:01) INFO:    [Connection]:       AggregateError: All promises were rejected
(15:56:06) INFO:    [Connection]:       Pinging external endpoints
(15:56:06) INFO:    [Connection]:       Connectivity: online
(15:59:55) INFO:    [Connection]:       Connectivity: offline
(16:00:01) INFO:    [Connection]:       Connectivity: check-online
(16:00:01) INFO:    [Connection]:       Pinging external endpoints
(16:00:01) INFO:    [Connection]:       All ping requests failed:
(16:00:01) INFO:    [Connection]:       AggregateError: All promises were rejected
(16:00:06) INFO:    [Connection]:       Pinging external endpoints
(16:00:06) INFO:    [Connection]:       Connectivity: online
(16:14:32) INFO:    [Connection]:       Connectivity: offline
(16:14:34) INFO:    [Connection]:       Connectivity: check-online
(16:14:34) INFO:    [Connection]:       Pinging external endpoints
(16:14:34) INFO:    [Connection]:       All ping requests failed:
(16:14:34) INFO:    [Connection]:       AggregateError: All promises were rejected
(16:14:39) INFO:    [Connection]:       Pinging external endpoints
(16:14:39) INFO:    [Connection]:       Connectivity: online
(16:58:37) INFO:    [Backend]:          Stopping Display Power Saver Blocker
(16:58:37) INFO:    [Frontend]:         Refreshing sideload Library
(16:58:37) WARNING: [Backend]:          refresh not implemented on Sideload Library Manager
(16:58:37) INFO:    [Backend]:          Stopping Power Saver Blocker
(16:58:37) INFO:    [Backend]:          Stopping Display Sleep Blocker
