[5/5/2025, 3:52:52 p.m.] LEGENDARY_CONFIG_PATH=/home/vmdjavem/.config/heroic/legendaryConfig/legendary /opt/Heroic/resources/app.asar.unpacked/build/bin/x64/linux/legendary --version
legendary version "0.20.36", codename "Urban Flight (Heroic)"
[5/5/2025, 3:52:53 p.m.] LEGENDARY_CONFIG_PATH=/home/vmdjavem/.config/heroic/legendaryConfig/legendary /opt/Heroic/resources/app.asar.unpacked/build/bin/x64/linux/legendary list --third-party
[cli] INFO: Logging in...
[Core] INFO: Logging in...
[cli] INFO: Getting game list... (this may take a while)
[Core] INFO: Fetching metadata for 1 app(s).

Available games:
 * 20 Minutes Till Dawn (App name: 4656facc740742a39e265b026e13d075 | Version: 1.0-win)
 * [REDACTED] (App name: 98614687b212444c9ff0d42095f56cb3 | Version: 1.0.0.7-1.21320.381.787509)
 * A Game Of Thrones: The Board Game Digital Edition (App name: 06b8b80d89c24a28a7e91127fcbd9542 | Version: 1.1.2.1570)
 * Astrea Six Sided Oracles (App name: f9685170f7b142909c661a080bd9e60c | Version: 1.2.313)
 * BioShock 2 Remastered (App name: b22ce34b4ce0408c97a888554447479b | Version: 1.0.0_BN-139_CL-17677)
 * BioShock Infinite: Complete Edition (App name: f9d6f0530ea140909f8e8a997a7532d7 | Version: 1.0.0_BN-315_CL-17899)
 * BioShock Remastered (App name: bc2c95c6ff564a16b26644f1d3ac3c55 | Version: 1.0.0_BN-188_CL-17677)
 * Black Widow: Recharged (App name: a21fd90517bf428eb7c995a8c3261722 | Version: 5)
 * BLEED RUNNER (App name: 04ff2d1f56764499b68f35e3b3d58c63 | Version: TestBuildVersion_1.0)
 * Borderlands 3 (App name: Catnip | Version: 1.0.26_CL_3758051_Borderlands_3)
 * Brothers - A Tale of Two Sons (App name: Tamarind | Version: 1.1)
 * Call of the Sea (App name: 6278dd278d714aeb88239a423fa0f8be | Version: 1.5.4.10)
 * Car Mechanic Simulator 2018 (App name: 8032b75cf0914afa87c78d6914adc165 | Version: 1.6)
 * Centipede Recharged (App name: 8727e9d0693542bda60769dc2ce33c20 | Version: 4)
 * Chess Ultra (App name: fc0b13b7b17b4a46933756fb2786cdc4 | Version: MWLocal_13)
 * Cities Skylines (App name: bcbc03d8812a44c18f41cf7d5f849265 | Version: 1.19.2-f3-fixed)
 * City of Gangsters (App name: 002b00085aeb49b1a3f3c42e3f918f2f | Version: 1.4.3.5)
 * Core (App name: a99769d95d8f400baad1f67ab5dfe508 | Version: 1.0.298-prod-s-epic-1045)
 * Costume Quest 2 (App name: 82a78a4dd6ef4eaa892707791b705073 | Version: 1)
 * Destroy All Humans! - Clone Carnage (App name: f1e6956fcad8488ba1c6a2564bb2ca4e | Version: 1.0)
 * Dishonored®: Death of the Outsider™ (App name: 2fb8273dcf6f41e4899c0c881e047053 | Version: 0.0.0.4)
 * Doki Doki Literature Club Plus! (App name: c5109bdceb3a453bb38c2fdc964ddee8 | Version: Windows_1.0.7)
 * DOOM 64 (App name: 5b60142e120c4f2d88027595c21d4a04 | Version: 2124)
 * Duskers (App name: 1e9c3a9a10c6463e9c065f371b8b42bf | Version: 1.205)
 * Dying Light (App name: 04a54ed532ce4fbfbf8fd5833f60def0 | Version: DL_1.50.0f2)
  + Dying Light The Bozak (App name: 71816b992ef04030b1c58af6b9845fe5 | Version: BOZ_1.50.0f2)
  + Dying Light The Following (App name: f653266870894ee1acbb5250e3b04bd1 | Version: FOLL_1.50.0f2)
 * EARTHLOCK (App name: 4a4ffcf1a8354008bcc3b28280dd2419 | Version: Windows.0.1.1_dev_7_Win64)
 * Empyrion - Galactic Survival (App name: 16db0e48c4d84d1490ab96be62a83c4c | Version: 1.12.1-4742)
 * Encased (App name: af0facaba8e643c1b9850d0683ff56df | Version: 1.3.1517.1645)
 * Fall Guys (App name: 0a2d9f6403244d12969e11da6713137b | Version: EGS_10015)
 * Fallout 2: A Post Nuclear Role Playing Game (App name: 74034e8449f2470d9f45115f3a49f9aa | Version: 1.3)
 * Fallout Tactics: Brotherhood of Steel (App name: 908f75e7f1624819a70c27f543741dcd | Version: 1.4)
 * Fallout: A Post Nuclear Role Playing Game (App name: f8ef168f3522419caad27d82878e0329 | Version: 1.3)
 * Football Manager 2022 Demo (App name: fe499569a4c04e6f8cc953f20d862cb4 | Version: 1662669-win)
 * Fortnite (App name: Fortnite | Version: ++Fortnite+Release-35.00-CL-41994699-Windows)
 * Galactic Civilizations III (App name: 5f1c66366b2c4a6496d535d88c56e6cf | Version: v4.52.368416)
 * Galactic Civilizations III (Test branch) (App name: 8931f79300d04c5889799bffc8ef70bd | Version: v4.52.368416)
 * Geneforge 1: Mutagen (App name: caa2c69bf2dc40b2b883e4cbbf5b0ab2 | Version: gfwinr1021)
 * Genshin Impact (App name: 41869934302e4b8cafac2d3c0e7c293d | Version: 101)
 * Ghostrunner 2 (App name: cc3213f280df4b428e85b771c09d1891 | Version: 42294_57)
 * Ghostwire Tokyo (App name: 007ff8f4e30845a687e66aa77eb3e965 | Version: CL642509-A)
 * Golden Light (App name: 0eeaae41305043f7a465310eb2cbaff9 | Version: 1.0.5)
 * Guacamelee! 2 (App name: fab83c3bf3d449718e042d44369e7fb6 | Version: Guac2_07-07-2023_17-30-36+36)
 * Guacamelee! Super Turbo Championship Edition (App name: 25b902f42cf04b17bc8a3db2f7292d58 | Version: GuacSTCE_29-06-2023_16-43-23+66)
 * Hell Let Loose (App name: 3e02273b543f4ff0a1c24d3b534a9ac3 | Version: 324.979985)
 * Heroes & Generals WWII (App name: 8836f84a700140bb86103556cd7db0d4 | Version: live-173288)
 * Hood Outlaws and Legends (App name: 098f5323a3994362b6c68503d8cf3d57 | Version: HoodStaging2022R14Client_Win64Epic_Shipping_1601377.zip_Live)
 * Idle Champions de Forgotten Realms (App name: 40cb42e38c0b4a14a1bb133eb3291572 | Version: IdleDragons622164Live)
 * INDUSTRIA (App name: 78903903b1f1419bae248467f27ff470 | Version: 1.3.2)
 * Iratus (App name: 82ab0adb6e0b41bea531fcbb0c43cfc7 | Version: 0.96010)
 * Jotun Valhalla Edition (App name: Grouse | Version: 1.02)
 * Just Die Already (App name: 06621054d7d24f44bf13e3c31c9ec05d | Version: 1.4.2)
 * KID A MNESIA EXHIBITION (App name: 33411619626243f1859d0b7fb5cc5405 | Version: 0.0333.012725)
 * Kingdom Come Deliverance (App name: Eel | Version: 1.9.6-404-504czj3)
 * LISA: The Joyful - Definitive Edition (App name: a42a95a46dc942318350cd4d0ee3163b | Version: 1.5_4)
 * LISA: The Painful - Definitive Edition (App name: ee6a6b5ad66e4d94abe462ba331ddc4b | Version: 1.5_2)
 * LumbearJack (App name: 5ff96008f7314df4bb188cd085b1cdf4 | Version: 1.0.4)
 * Maneater (App name: Turtle | Version: 43151315)
 * Marvel's Midnight Suns (App name: 49550aa9fcd74552ae07c4e9f2c262fe | Version: 1.0.0.930468)
 * Metalstorm (App name: 8b6a0e1413744785a43c9f9f9547b4d6 | Version: aircombat_store_windows_b29b4d4f_2025-04-17_09-07)
 * Metro Last Light Redux (App name: Speedwell | Version: 0.1.0.0)
 * MultiVersus (App name: 711c5e95dc094ca58e5f16bd48e751d6 | Version: 195303)
 * Never Alone (Kisima Ingitchuna) (App name: f38de9fa4c6d43eabac080942cb394a1 | Version: NeverAlone-Win-1.2.8)
 * Outliver: Tribulation (App name: f5b2bda11e0f4e22b552f03be3f15f62 | Version: 1.1.3)
 * PREY (App name: 52d88e9a6df248da913c8e99f1e4c526 | Version: 1.8)
 * PUBG: BATTLEGROUNDS (App name: 9361c8c6d2f34b42b5f2f61093eedf48 | Version: 35.1.2.25)
 * RAWMEN: Food Fighter Arena 🍜 (App name: 93228a1a7b2b4205811d8edf930a0c18 | Version: v20250417_0155)
 * Redout: Enhanced Edition (App name: 1be5efb848844b1dabf9d67f8017a7ae | Version: 85e552)
 * Rocket League® (App name: Sugar | Version: BC2_Update54+481382)
 * RPG in a Box (App name: d68f964c809145b682e1d768aa126f31 | Version: 1.3.3)
 * Sable (App name: 9b48cbb1a0cf4a73b87ccbf4cde04b26 | Version: 4.3.10-R.130)
 * Saints Row IV Re-Elected (App name: 0d35a1d0eade40c5ac0bea5eed8b5338 | Version: 216711)
 * Severed Steel (App name: 7179f095efcc4f92a950a6d9dbd9c602 | Version: 5.5.0)
 * shapez (App name: e87a43f695bc409ca8858206678ac7e7 | Version: 1.5.5)
 * Sifu (App name: d36336f190094951873ed6138ac208d8 | Version: 6736)
 * SMITE 2 (App name: 33030b24b1df4dd5b6bcfb0314c17f39 | Version: 682)
 * Star Trek Online (App name: 0fb6e06aacd14e88b1aaea8f54dd8525 | Version: CL_2023_07_14_17_29)
 * Star Wars Squadrons (App name: bobcat | Version: None)
  - This game has to be activated, installed, and launched via Origin, use "legendary launch --origin bobcat" to activate and/or run the game.
 * Supraland (App name: 1b037ad2c1e94e7e996b4a16f741025a | Version: 1.23.9.0)
 * Terraforming Mars (App name: 582c8940f499450d9033840efe5937a6 | Version: Windows_2.9.1.2284)
 * TerraTech (App name: 24b4ee8b16e4450184fe33ff871cc0ee | Version: 1.6.7-Win64)
 * The Callisto Protocol (App name: 256ba8bdd1ff4c26a0b2d3776d1a1bf6 | Version: 1.16.0.0-1.71290.0.712379)
 * The Lord of The Rings: Return to Moria™ (App name: 8e4f8dc250364e30aef276555bba1734 | Version: 197822)
 * The Zombie Fortress (App name: 3c3e0f7567674017ad9700d9f36266ca | Version: 1.0)
 * theHunter: Call of the Wild™ (App name: 4f0c34d469bb47b2bcf5b377f47ccfe3 | Version: 1.130.2989309)
 * Them's Fightin' Herds (App name: 2d9d7555ccdd4ceaa1b60e501ba0bacd | Version: 1712160892)
 * VALORANT (App name: 602eb4abc8764c87b7f2607a1ef8c18e | Version: 2609-591)
 * Vampire Survivors (App name: 1136763135c0482cbbb4b2d45e978156 | Version: EGS_WINDOWS-Release-BaseGame-1.13.109-32841115)
 * Warhammer 40,000: Gladius - Relics of War (App name: da5b18cb1e7a452196c3142f2c1d7dd3 | Version: 1.15.01)
 * Wildcat Gun Machine (App name: e9c18eae78964527853bfa2053d346e2 | Version: 1.002E)
 * Windbound (App name: a95bf4df6627431ca5baff8173c59635 | Version: 1.3.40746.206)
 * Wizard of Legend (App name: 89443d0c5afa4ef586c72445c0399a8b | Version: 1.23.4a)
 * Wolfenstein: The New Order (App name: a64dcf9b711a4a60a3c0b6f052dfc7da | Version: 1.3.1)
 * World of Warships (App name: a79746038c6948558274065d24f3faa3 | Version: 14.3.0.0.9773198-9773990-multiversion)
 * World War Z (App name: Wombat | Version: 2.41)
 * Yooka-Laylee and the Impossible Lair (App name: Duckbill | Version: 1.0.28131)

Total: 95
[5/5/2025, 3:52:57 p.m.] LEGENDARY_CONFIG_PATH=/home/vmdjavem/.config/heroic/legendaryConfig/legendary /opt/Heroic/resources/app.asar.unpacked/build/bin/x64/linux/legendary list --third-party
[cli] INFO: Logging in...
[Core] INFO: Trying to re-use existing login session...
[cli] INFO: Getting game list... (this may take a while)

Available games:
 * 20 Minutes Till Dawn (App name: 4656facc740742a39e265b026e13d075 | Version: 1.0-win)
 * [REDACTED] (App name: 98614687b212444c9ff0d42095f56cb3 | Version: 1.0.0.7-1.21320.381.787509)
 * A Game Of Thrones: The Board Game Digital Edition (App name: 06b8b80d89c24a28a7e91127fcbd9542 | Version: 1.1.2.1570)
 * Astrea Six Sided Oracles (App name: f9685170f7b142909c661a080bd9e60c | Version: 1.2.313)
 * BioShock 2 Remastered (App name: b22ce34b4ce0408c97a888554447479b | Version: 1.0.0_BN-139_CL-17677)
 * BioShock Infinite: Complete Edition (App name: f9d6f0530ea140909f8e8a997a7532d7 | Version: 1.0.0_BN-315_CL-17899)
 * BioShock Remastered (App name: bc2c95c6ff564a16b26644f1d3ac3c55 | Version: 1.0.0_BN-188_CL-17677)
 * Black Widow: Recharged (App name: a21fd90517bf428eb7c995a8c3261722 | Version: 5)
 * BLEED RUNNER (App name: 04ff2d1f56764499b68f35e3b3d58c63 | Version: TestBuildVersion_1.0)
 * Borderlands 3 (App name: Catnip | Version: 1.0.26_CL_3758051_Borderlands_3)
 * Brothers - A Tale of Two Sons (App name: Tamarind | Version: 1.1)
 * Call of the Sea (App name: 6278dd278d714aeb88239a423fa0f8be | Version: 1.5.4.10)
 * Car Mechanic Simulator 2018 (App name: 8032b75cf0914afa87c78d6914adc165 | Version: 1.6)
 * Centipede Recharged (App name: 8727e9d0693542bda60769dc2ce33c20 | Version: 4)
 * Chess Ultra (App name: fc0b13b7b17b4a46933756fb2786cdc4 | Version: MWLocal_13)
 * Cities Skylines (App name: bcbc03d8812a44c18f41cf7d5f849265 | Version: 1.19.2-f3-fixed)
 * City of Gangsters (App name: 002b00085aeb49b1a3f3c42e3f918f2f | Version: 1.4.3.5)
 * Core (App name: a99769d95d8f400baad1f67ab5dfe508 | Version: 1.0.298-prod-s-epic-1045)
 * Costume Quest 2 (App name: 82a78a4dd6ef4eaa892707791b705073 | Version: 1)
 * Destroy All Humans! - Clone Carnage (App name: f1e6956fcad8488ba1c6a2564bb2ca4e | Version: 1.0)
 * Dishonored®: Death of the Outsider™ (App name: 2fb8273dcf6f41e4899c0c881e047053 | Version: 0.0.0.4)
 * Doki Doki Literature Club Plus! (App name: c5109bdceb3a453bb38c2fdc964ddee8 | Version: Windows_1.0.7)
 * DOOM 64 (App name: 5b60142e120c4f2d88027595c21d4a04 | Version: 2124)
 * Duskers (App name: 1e9c3a9a10c6463e9c065f371b8b42bf | Version: 1.205)
 * Dying Light (App name: 04a54ed532ce4fbfbf8fd5833f60def0 | Version: DL_1.50.0f2)
  + Dying Light The Bozak (App name: 71816b992ef04030b1c58af6b9845fe5 | Version: BOZ_1.50.0f2)
  + Dying Light The Following (App name: f653266870894ee1acbb5250e3b04bd1 | Version: FOLL_1.50.0f2)
 * EARTHLOCK (App name: 4a4ffcf1a8354008bcc3b28280dd2419 | Version: Windows.0.1.1_dev_7_Win64)
 * Empyrion - Galactic Survival (App name: 16db0e48c4d84d1490ab96be62a83c4c | Version: 1.12.1-4742)
 * Encased (App name: af0facaba8e643c1b9850d0683ff56df | Version: 1.3.1517.1645)
 * Fall Guys (App name: 0a2d9f6403244d12969e11da6713137b | Version: EGS_10015)
 * Fallout 2: A Post Nuclear Role Playing Game (App name: 74034e8449f2470d9f45115f3a49f9aa | Version: 1.3)
 * Fallout Tactics: Brotherhood of Steel (App name: 908f75e7f1624819a70c27f543741dcd | Version: 1.4)
 * Fallout: A Post Nuclear Role Playing Game (App name: f8ef168f3522419caad27d82878e0329 | Version: 1.3)
 * Football Manager 2022 Demo (App name: fe499569a4c04e6f8cc953f20d862cb4 | Version: 1662669-win)
 * Fortnite (App name: Fortnite | Version: ++Fortnite+Release-35.00-CL-41994699-Windows)
 * Galactic Civilizations III (App name: 5f1c66366b2c4a6496d535d88c56e6cf | Version: v4.52.368416)
 * Galactic Civilizations III (Test branch) (App name: 8931f79300d04c5889799bffc8ef70bd | Version: v4.52.368416)
 * Geneforge 1: Mutagen (App name: caa2c69bf2dc40b2b883e4cbbf5b0ab2 | Version: gfwinr1021)
 * Genshin Impact (App name: 41869934302e4b8cafac2d3c0e7c293d | Version: 101)
 * Ghostrunner 2 (App name: cc3213f280df4b428e85b771c09d1891 | Version: 42294_57)
 * Ghostwire Tokyo (App name: 007ff8f4e30845a687e66aa77eb3e965 | Version: CL642509-A)
 * Golden Light (App name: 0eeaae41305043f7a465310eb2cbaff9 | Version: 1.0.5)
 * Guacamelee! 2 (App name: fab83c3bf3d449718e042d44369e7fb6 | Version: Guac2_07-07-2023_17-30-36+36)
 * Guacamelee! Super Turbo Championship Edition (App name: 25b902f42cf04b17bc8a3db2f7292d58 | Version: GuacSTCE_29-06-2023_16-43-23+66)
 * Hell Let Loose (App name: 3e02273b543f4ff0a1c24d3b534a9ac3 | Version: 324.979985)
 * Heroes & Generals WWII (App name: 8836f84a700140bb86103556cd7db0d4 | Version: live-173288)
 * Hood Outlaws and Legends (App name: 098f5323a3994362b6c68503d8cf3d57 | Version: HoodStaging2022R14Client_Win64Epic_Shipping_1601377.zip_Live)
 * Idle Champions de Forgotten Realms (App name: 40cb42e38c0b4a14a1bb133eb3291572 | Version: IdleDragons622164Live)
 * INDUSTRIA (App name: 78903903b1f1419bae248467f27ff470 | Version: 1.3.2)
 * Iratus (App name: 82ab0adb6e0b41bea531fcbb0c43cfc7 | Version: 0.96010)
 * Jotun Valhalla Edition (App name: Grouse | Version: 1.02)
 * Just Die Already (App name: 06621054d7d24f44bf13e3c31c9ec05d | Version: 1.4.2)
 * KID A MNESIA EXHIBITION (App name: 33411619626243f1859d0b7fb5cc5405 | Version: 0.0333.012725)
 * Kingdom Come Deliverance (App name: Eel | Version: 1.9.6-404-504czj3)
 * LISA: The Joyful - Definitive Edition (App name: a42a95a46dc942318350cd4d0ee3163b | Version: 1.5_4)
 * LISA: The Painful - Definitive Edition (App name: ee6a6b5ad66e4d94abe462ba331ddc4b | Version: 1.5_2)
 * LumbearJack (App name: 5ff96008f7314df4bb188cd085b1cdf4 | Version: 1.0.4)
 * Maneater (App name: Turtle | Version: 43151315)
 * Marvel's Midnight Suns (App name: 49550aa9fcd74552ae07c4e9f2c262fe | Version: 1.0.0.930468)
 * Metalstorm (App name: 8b6a0e1413744785a43c9f9f9547b4d6 | Version: aircombat_store_windows_b29b4d4f_2025-04-17_09-07)
 * Metro Last Light Redux (App name: Speedwell | Version: 0.1.0.0)
 * MultiVersus (App name: 711c5e95dc094ca58e5f16bd48e751d6 | Version: 195303)
 * Never Alone (Kisima Ingitchuna) (App name: f38de9fa4c6d43eabac080942cb394a1 | Version: NeverAlone-Win-1.2.8)
 * Outliver: Tribulation (App name: f5b2bda11e0f4e22b552f03be3f15f62 | Version: 1.1.3)
 * PREY (App name: 52d88e9a6df248da913c8e99f1e4c526 | Version: 1.8)
 * PUBG: BATTLEGROUNDS (App name: 9361c8c6d2f34b42b5f2f61093eedf48 | Version: 35.1.2.25)
 * RAWMEN: Food Fighter Arena 🍜 (App name: 93228a1a7b2b4205811d8edf930a0c18 | Version: v20250417_0155)
 * Redout: Enhanced Edition (App name: 1be5efb848844b1dabf9d67f8017a7ae | Version: 85e552)
 * Rocket League® (App name: Sugar | Version: BC2_Update54+481382)
 * RPG in a Box (App name: d68f964c809145b682e1d768aa126f31 | Version: 1.3.3)
 * Sable (App name: 9b48cbb1a0cf4a73b87ccbf4cde04b26 | Version: 4.3.10-R.130)
 * Saints Row IV Re-Elected (App name: 0d35a1d0eade40c5ac0bea5eed8b5338 | Version: 216711)
 * Severed Steel (App name: 7179f095efcc4f92a950a6d9dbd9c602 | Version: 5.5.0)
 * shapez (App name: e87a43f695bc409ca8858206678ac7e7 | Version: 1.5.5)
 * Sifu (App name: d36336f190094951873ed6138ac208d8 | Version: 6736)
 * SMITE 2 (App name: 33030b24b1df4dd5b6bcfb0314c17f39 | Version: 682)
 * Star Trek Online (App name: 0fb6e06aacd14e88b1aaea8f54dd8525 | Version: CL_2023_07_14_17_29)
 * Star Wars Squadrons (App name: bobcat | Version: None)
  - This game has to be activated, installed, and launched via Origin, use "legendary launch --origin bobcat" to activate and/or run the game.
 * Supraland (App name: 1b037ad2c1e94e7e996b4a16f741025a | Version: 1.23.9.0)
 * Terraforming Mars (App name: 582c8940f499450d9033840efe5937a6 | Version: Windows_2.9.1.2284)
 * TerraTech (App name: 24b4ee8b16e4450184fe33ff871cc0ee | Version: 1.6.7-Win64)
 * The Callisto Protocol (App name: 256ba8bdd1ff4c26a0b2d3776d1a1bf6 | Version: 1.16.0.0-1.71290.0.712379)
 * The Lord of The Rings: Return to Moria™ (App name: 8e4f8dc250364e30aef276555bba1734 | Version: 197822)
 * The Zombie Fortress (App name: 3c3e0f7567674017ad9700d9f36266ca | Version: 1.0)
 * theHunter: Call of the Wild™ (App name: 4f0c34d469bb47b2bcf5b377f47ccfe3 | Version: 1.130.2989309)
 * Them's Fightin' Herds (App name: 2d9d7555ccdd4ceaa1b60e501ba0bacd | Version: 1712160892)
 * VALORANT (App name: 602eb4abc8764c87b7f2607a1ef8c18e | Version: 2609-591)
 * Vampire Survivors (App name: 1136763135c0482cbbb4b2d45e978156 | Version: EGS_WINDOWS-Release-BaseGame-1.13.109-32841115)
 * Warhammer 40,000: Gladius - Relics of War (App name: da5b18cb1e7a452196c3142f2c1d7dd3 | Version: 1.15.01)
 * Wildcat Gun Machine (App name: e9c18eae78964527853bfa2053d346e2 | Version: 1.002E)
 * Windbound (App name: a95bf4df6627431ca5baff8173c59635 | Version: 1.3.40746.206)
 * Wizard of Legend (App name: 89443d0c5afa4ef586c72445c0399a8b | Version: 1.23.4a)
 * Wolfenstein: The New Order (App name: a64dcf9b711a4a60a3c0b6f052dfc7da | Version: 1.3.1)
 * World of Warships (App name: a79746038c6948558274065d24f3faa3 | Version: 14.3.0.0.9773198-9773990-multiversion)
 * World War Z (App name: Wombat | Version: 2.41)
 * Yooka-Laylee and the Impossible Lair (App name: Duckbill | Version: 1.0.28131)

Total: 95
