2025-04-29 15:33:56.595 [info] [main] Log level: Info
2025-04-29 15:33:56.595 [info] [main] Validating found git in: "git"
2025-04-29 15:33:56.595 [info] [main] Using git "2.49.0" from "git"
2025-04-29 15:33:56.595 [info] [Model][doInitialScan] Initial repository scan started
2025-04-29 15:33:56.595 [info] > git rev-parse --show-toplevel [3ms]
2025-04-29 15:33:56.595 [info] fatal: not a git repository (or any of the parent directories): .git
2025-04-29 15:33:56.601 [info] > git rev-parse --show-toplevel [1ms]
2025-04-29 15:33:56.601 [info] fatal: not a git repository (or any of the parent directories): .git
2025-04-29 15:33:56.605 [info] > git rev-parse --show-toplevel [1ms]
2025-04-29 15:33:56.605 [info] fatal: not a git repository (or any of the parent directories): .git
2025-04-29 15:33:56.609 [info] > git rev-parse --show-toplevel [1ms]
2025-04-29 15:33:56.609 [info] fatal: not a git repository (or any of the parent directories): .git
2025-04-29 15:33:56.613 [info] > git rev-parse --show-toplevel [1ms]
2025-04-29 15:33:56.613 [info] fatal: not a git repository (or any of the parent directories): .git
2025-04-29 15:33:56.617 [info] > git rev-parse --show-toplevel [1ms]
2025-04-29 15:33:56.617 [info] fatal: not a git repository (or any of the parent directories): .git
2025-04-29 15:33:56.620 [info] > git rev-parse --show-toplevel [1ms]
2025-04-29 15:33:56.620 [info] fatal: not a git repository (or any of the parent directories): .git
2025-04-29 15:33:56.620 [info] [Model][doInitialScan] Initial repository scan completed - repositories (0), closed repositories (0), parent repositories (0), unsafe repositories (0)
2025-04-29 15:33:58.715 [info] > git rev-parse --show-toplevel [1ms]
2025-04-29 15:33:58.716 [info] fatal: not a git repository (or any of the parent directories): .git
2025-04-29 15:34:22.363 [info] > git rev-parse --show-toplevel [1ms]
2025-04-29 15:34:22.363 [info] fatal: not a git repository (or any of the parent directories): .git
2025-04-29 15:34:22.398 [info] > git rev-parse --show-toplevel [17ms]
2025-04-29 15:34:22.398 [info] fatal: not a git repository (or any of the parent directories): .git
2025-04-29 15:34:30.801 [info] > git rev-parse --show-toplevel [0ms]
2025-04-29 15:34:30.802 [info] fatal: not a git repository (or any of the parent directories): .git
2025-04-29 15:34:57.782 [info] [main] Log level: Info
2025-04-29 15:34:57.782 [info] [main] Validating found git in: "git"
2025-04-29 15:34:57.782 [info] [main] Using git "2.49.0" from "git"
2025-04-29 15:34:57.782 [info] [Model][doInitialScan] Initial repository scan started
2025-04-29 15:34:57.782 [info] > git rev-parse --show-toplevel [3ms]
2025-04-29 15:34:57.786 [info] > git rev-parse --git-dir --git-common-dir [1ms]
2025-04-29 15:34:57.791 [info] [Model][openRepository] Opened repository: /home/vmdjavem/Documents/rf
2025-04-29 15:34:57.800 [info] > git rev-parse --show-toplevel [2ms]
2025-04-29 15:34:57.800 [info] [Model][doInitialScan] Initial repository scan completed - repositories (1), closed repositories (0), parent repositories (0), unsafe repositories (0)
2025-04-29 15:34:57.800 [info] > git config --get commit.template [5ms]
2025-04-29 15:34:57.805 [info] [Git][getRemotes] No remotes found in the git config file
2025-04-29 15:34:57.806 [info] > git for-each-ref --format=%(refname)%00%(upstream:short)%00%(objectname)%00%(upstream:track)%00%(upstream:remotename)%00%(upstream:remoteref) refs/heads/master refs/remotes/master [2ms]
2025-04-29 15:34:57.806 [warning] [Git][getBranch] No such branch: master
2025-04-29 15:34:57.812 [info] > git status -z -uall [3ms]
2025-04-29 15:34:57.813 [info] > git for-each-ref --sort -committerdate --format %(refname)%00%(objectname)%00%(*objectname) [1ms]
2025-04-29 15:34:57.822 [info] > git for-each-ref --format=%(refname)%00%(upstream:short)%00%(objectname)%00%(upstream:track)%00%(upstream:remotename)%00%(upstream:remoteref) refs/heads/master refs/remotes/master [4ms]
2025-04-29 15:34:57.822 [warning] [Git][getBranch] No such branch: master
2025-04-29 15:34:57.822 [error] [GitHistoryProvider][resolveHEADMergeBase] Failed to resolve merge base for master: Error: No such branch: master.
2025-04-29 15:34:57.823 [info] > git config --get commit.template [2ms]
2025-04-29 15:34:57.826 [info] [Git][getRemotes] No remotes found in the git config file
2025-04-29 15:34:57.826 [info] > git for-each-ref --format=%(refname)%00%(upstream:short)%00%(objectname)%00%(upstream:track)%00%(upstream:remotename)%00%(upstream:remoteref) refs/heads/master refs/remotes/master [0ms]
2025-04-29 15:34:57.826 [warning] [Git][getBranch] No such branch: master
2025-04-29 15:34:57.832 [info] > git status -z -uall [3ms]
2025-04-29 15:34:57.832 [info] > git for-each-ref --sort -committerdate --format %(refname)%00%(objectname)%00%(*objectname) [1ms]
2025-04-29 15:34:58.305 [info] > git check-ignore -v -z --stdin [1ms]
2025-04-29 15:34:59.423 [info] > git check-ignore -v -z --stdin [0ms]
2025-04-29 15:35:28.937 [info] [main] Log level: Info
2025-04-29 15:35:28.937 [info] [main] Validating found git in: "git"
2025-04-29 15:35:28.937 [info] [main] Using git "2.49.0" from "git"
2025-04-29 15:35:28.937 [info] [Model][doInitialScan] Initial repository scan started
2025-04-29 15:35:28.937 [info] > git rev-parse --show-toplevel [3ms]
2025-04-29 15:35:28.948 [info] > git rev-parse --git-dir --git-common-dir [8ms]
2025-04-29 15:35:28.953 [info] [Model][openRepository] Opened repository: /home/vmdjavem/Documents/rf
2025-04-29 15:35:28.965 [info] > git rev-parse --show-toplevel [4ms]
2025-04-29 15:35:28.965 [info] [Model][doInitialScan] Initial repository scan completed - repositories (1), closed repositories (0), parent repositories (0), unsafe repositories (0)
2025-04-29 15:35:28.966 [info] > git config --get commit.template [8ms]
2025-04-29 15:35:28.973 [info] [Git][getRemotes] No remotes found in the git config file
2025-04-29 15:35:28.974 [info] > git for-each-ref --format=%(refname)%00%(upstream:short)%00%(objectname)%00%(upstream:track)%00%(upstream:remotename)%00%(upstream:remoteref) refs/heads/master refs/remotes/master [1ms]
2025-04-29 15:35:28.974 [warning] [Git][getBranch] No such branch: master
2025-04-29 15:35:28.986 [info] > git status -z -uall [8ms]
2025-04-29 15:35:28.986 [info] > git for-each-ref --sort -committerdate --format %(refname)%00%(objectname)%00%(*objectname) [4ms]
2025-04-29 15:35:29.004 [info] > git for-each-ref --format=%(refname)%00%(upstream:short)%00%(objectname)%00%(upstream:track)%00%(upstream:remotename)%00%(upstream:remoteref) refs/heads/master refs/remotes/master [9ms]
2025-04-29 15:35:29.004 [warning] [Git][getBranch] No such branch: master
2025-04-29 15:35:29.004 [error] [GitHistoryProvider][resolveHEADMergeBase] Failed to resolve merge base for master: Error: No such branch: master.
2025-04-29 15:35:29.006 [info] > git config --get commit.template [5ms]
2025-04-29 15:35:29.010 [info] [Git][getRemotes] No remotes found in the git config file
2025-04-29 15:35:29.021 [info] > git for-each-ref --format=%(refname)%00%(upstream:short)%00%(objectname)%00%(upstream:track)%00%(upstream:remotename)%00%(upstream:remoteref) refs/heads/master refs/remotes/master [11ms]
2025-04-29 15:35:29.021 [warning] [Git][getBranch] No such branch: master
2025-04-29 15:35:29.029 [info] > git status -z -uall [4ms]
2025-04-29 15:35:29.029 [info] > git for-each-ref --sort -committerdate --format %(refname)%00%(objectname)%00%(*objectname) [1ms]
