[Core] INFO: Trying to re-use existing login session...
[cli] INFO: Preparing download for "Fallout: A Post Nuclear Role Playing Game" (f8ef168f3522419caad27d82878e0329)...
[Core] INFO: Parsing game manifest...
[Core] INFO: Install path: /home/vmdjavem/Games/Heroic/fallout
[Core] INFO: Selected CDN: cloudflare.epicgamescdn.com (https)
[DLM] INFO: Found 0 missing files.
[cli] INFO: Install size: 2209.62 MiB
[cli] INFO: Download size: 2047.20 MiB (Compression savings: 7.4%)
[cli] INFO: Reusable size: 0.00 MiB (chunks) / 0.00 MiB (unchanged / skipped)
[cli] INFO: Downloads are resumable, you can interrupt the download with CTRL-C and resume it using the same command later on.
[DLManager] INFO: Download Manager running with process-id: 55333
[DLManager] INFO: Starting download workers...
[DLManager] INFO: Starting file writing worker...
[DLManager] INFO: = Progress: 0.00% (0/2849), Running for 00:00:00, ETA: 00:00:00
[DLManager] INFO:  - Downloaded: 0.00 MiB, Written: 0.00 MiB
[DLManager] INFO:  - Cache usage: 3.00 MiB, active tasks: 2
[DLManager] INFO:  + Download	- 0.00 MiB/s (raw) / 0.00 MiB/s (decompressed)
[DLManager] INFO:  + Disk	- 0.00 MiB/s (write) / 0.00 MiB/s (read)
[DLManager] INFO: = Progress: 0.11% (3/2849), Running for 00:00:01, ETA: 00:15:51
[DLManager] INFO:  - Downloaded: 11.97 MiB, Written: 3.00 MiB
[DLManager] INFO:  - Cache usage: 42.00 MiB, active tasks: 32
[DLManager] INFO:  + Download	- 11.96 MiB/s (raw) / 12.99 MiB/s (decompressed)
[DLManager] INFO:  + Disk	- 3.00 MiB/s (write) / 0.00 MiB/s (read)
[DLManager] INFO: = Progress: 1.54% (44/2849), Running for 00:00:02, ETA: 00:02:07
[DLManager] INFO:  - Downloaded: 40.49 MiB, Written: 44.00 MiB
[DLManager] INFO:  - Cache usage: 32.00 MiB, active tasks: 32
[DLManager] INFO:  + Download	- 28.49 MiB/s (raw) / 30.97 MiB/s (decompressed)
[DLManager] INFO:  + Disk	- 40.96 MiB/s (write) / 0.00 MiB/s (read)
[DLManager] INFO: = Progress: 1.76% (50/2849), Running for 00:00:03, ETA: 00:02:48
[DLManager] INFO:  - Downloaded: 58.13 MiB, Written: 50.00 MiB
[DLManager] INFO:  - Cache usage: 45.00 MiB, active tasks: 32
[DLManager] INFO:  + Download	- 17.63 MiB/s (raw) / 18.98 MiB/s (decompressed)
[DLManager] INFO:  + Disk	- 5.99 MiB/s (write) / 0.00 MiB/s (read)
[DLManager] INFO: = Progress: 2.84% (81/2849), Running for 00:00:04, ETA: 00:02:16
[DLManager] INFO:  - Downloaded: 78.38 MiB, Written: 81.00 MiB
[DLManager] INFO:  - Cache usage: 36.00 MiB, active tasks: 32
[DLManager] INFO:  + Download	- 20.23 MiB/s (raw) / 21.98 MiB/s (decompressed)
[DLManager] INFO:  + Disk	- 30.97 MiB/s (write) / 0.00 MiB/s (read)
[DLManager] INFO: = Progress: 4.21% (120/2849), Running for 00:00:05, ETA: 00:01:53
[DLManager] INFO:  - Downloaded: 110.05 MiB, Written: 120.00 MiB
[DLManager] INFO:  - Cache usage: 32.00 MiB, active tasks: 32
[DLManager] INFO:  + Download	- 31.64 MiB/s (raw) / 34.97 MiB/s (decompressed)
[DLManager] INFO:  + Disk	- 38.96 MiB/s (write) / 0.00 MiB/s (read)
[DLManager] INFO: = Progress: 9.27% (264/2849), Running for 00:00:06, ETA: 00:00:58
[DLManager] INFO:  - Downloaded: 138.36 MiB, Written: 153.00 MiB
[DLManager] INFO:  - Cache usage: 32.00 MiB, active tasks: 32
[DLManager] INFO:  + Download	- 28.28 MiB/s (raw) / 32.97 MiB/s (decompressed)
[DLManager] INFO:  + Disk	- 32.97 MiB/s (write) / 0.00 MiB/s (read)
[DLManager] INFO: = Progress: 10.04% (286/2849), Running for 00:00:07, ETA: 00:01:02
[DLManager] INFO:  - Downloaded: 156.33 MiB, Written: 171.00 MiB
[DLManager] INFO:  - Cache usage: 32.00 MiB, active tasks: 32
[DLManager] INFO:  + Download	- 17.95 MiB/s (raw) / 17.98 MiB/s (decompressed)
[DLManager] INFO:  + Disk	- 17.98 MiB/s (write) / 0.00 MiB/s (read)
[DLManager] INFO: = Progress: 11.34% (323/2849), Running for 00:00:08, ETA: 00:01:02
[DLManager] INFO:  - Downloaded: 186.30 MiB, Written: 201.00 MiB
[DLManager] INFO:  - Cache usage: 32.00 MiB, active tasks: 32
[DLManager] INFO:  + Download	- 29.94 MiB/s (raw) / 29.97 MiB/s (decompressed)
[DLManager] INFO:  + Disk	- 29.97 MiB/s (write) / 0.00 MiB/s (read)
[DLManager] INFO: = Progress: 13.48% (384/2849), Running for 00:00:09, ETA: 00:00:57
[DLManager] INFO:  - Downloaded: 214.30 MiB, Written: 231.00 MiB
[DLManager] INFO:  - Cache usage: 32.00 MiB, active tasks: 32
[DLManager] INFO:  + Download	- 27.98 MiB/s (raw) / 29.97 MiB/s (decompressed)
[DLManager] INFO:  + Disk	- 29.97 MiB/s (write) / 0.00 MiB/s (read)
[DLManager] INFO: = Progress: 13.58% (387/2849), Running for 00:00:10, ETA: 00:01:03
[DLManager] INFO:  - Downloaded: 223.06 MiB, Written: 234.00 MiB
[DLManager] INFO:  - Cache usage: 39.00 MiB, active tasks: 32
[DLManager] INFO:  + Download	- 8.75 MiB/s (raw) / 9.99 MiB/s (decompressed)
[DLManager] INFO:  + Disk	- 3.00 MiB/s (write) / 0.00 MiB/s (read)
[DLManager] INFO: = Progress: 14.22% (405/2849), Running for 00:00:11, ETA: 00:01:06
[DLManager] INFO:  - Downloaded: 232.25 MiB, Written: 251.00 MiB
[DLManager] INFO:  - Cache usage: 32.00 MiB, active tasks: 32
[DLManager] INFO:  + Download	- 9.18 MiB/s (raw) / 9.99 MiB/s (decompressed)
[DLManager] INFO:  + Disk	- 16.98 MiB/s (write) / 0.00 MiB/s (read)
[DLManager] INFO: = Progress: 14.22% (405/2849), Running for 00:00:12, ETA: 00:01:12
[DLManager] INFO:  - Downloaded: 237.78 MiB, Written: 251.00 MiB
[DLManager] INFO:  - Cache usage: 38.00 MiB, active tasks: 32
[DLManager] INFO:  + Download	- 5.53 MiB/s (raw) / 5.99 MiB/s (decompressed)
[DLManager] INFO:  + Disk	- 0.00 MiB/s (write) / 0.00 MiB/s (read)
[DLManager] INFO: = Progress: 14.22% (405/2849), Running for 00:00:13, ETA: 00:01:18
[DLManager] INFO:  - Downloaded: 247.88 MiB, Written: 251.00 MiB
[DLManager] INFO:  - Cache usage: 49.00 MiB, active tasks: 32
[DLManager] INFO:  + Download	- 10.10 MiB/s (raw) / 10.99 MiB/s (decompressed)
[DLManager] INFO:  + Disk	- 0.00 MiB/s (write) / 0.00 MiB/s (read)
[DLManager] INFO: = Progress: 14.39% (410/2849), Running for 00:00:14, ETA: 00:01:23
[DLManager] INFO:  - Downloaded: 260.78 MiB, Written: 256.00 MiB
[DLManager] INFO:  - Cache usage: 58.00 MiB, active tasks: 32
[DLManager] INFO:  + Download	- 12.88 MiB/s (raw) / 13.99 MiB/s (decompressed)
[DLManager] INFO:  + Disk	- 5.00 MiB/s (write) / 0.00 MiB/s (read)
[DLManager] INFO: = Progress: 15.34% (437/2849), Running for 00:00:15, ETA: 00:01:22
[DLManager] INFO:  - Downloaded: 277.30 MiB, Written: 283.00 MiB
[DLManager] INFO:  - Cache usage: 49.00 MiB, active tasks: 32
[DLManager] INFO:  + Download	- 16.51 MiB/s (raw) / 17.98 MiB/s (decompressed)
[DLManager] INFO:  + Disk	- 26.97 MiB/s (write) / 0.00 MiB/s (read)
[DLManager] INFO: = Progress: 15.34% (437/2849), Running for 00:00:16, ETA: 00:01:28
[DLManager] INFO:  - Downloaded: 295.85 MiB, Written: 283.00 MiB
[DLManager] INFO:  - Cache usage: 69.00 MiB, active tasks: 32
[DLManager] INFO:  + Download	- 18.53 MiB/s (raw) / 19.98 MiB/s (decompressed)
[DLManager] INFO:  + Disk	- 0.00 MiB/s (write) / 0.00 MiB/s (read)
[DLManager] INFO: = Progress: 17.30% (493/2849), Running for 00:00:17, ETA: 00:01:21
[DLManager] INFO:  - Downloaded: 319.98 MiB, Written: 339.00 MiB
[DLManager] INFO:  - Cache usage: 39.00 MiB, active tasks: 32
[DLManager] INFO:  + Download	- 24.11 MiB/s (raw) / 25.97 MiB/s (decompressed)
[DLManager] INFO:  + Disk	- 55.94 MiB/s (write) / 0.00 MiB/s (read)
[DLManager] INFO: = Progress: 17.76% (506/2849), Running for 00:00:18, ETA: 00:01:23
[DLManager] INFO:  - Downloaded: 341.43 MiB, Written: 352.00 MiB
[DLManager] INFO:  - Cache usage: 50.00 MiB, active tasks: 32
[DLManager] INFO:  + Download	- 21.43 MiB/s (raw) / 23.98 MiB/s (decompressed)
[DLManager] INFO:  + Disk	- 12.99 MiB/s (write) / 0.00 MiB/s (read)
[DLManager] INFO: = Progress: 18.95% (540/2849), Running for 00:00:19, ETA: 00:01:21
[DLManager] INFO:  - Downloaded: 367.22 MiB, Written: 386.00 MiB
[DLManager] INFO:  - Cache usage: 44.00 MiB, active tasks: 32
[DLManager] INFO:  + Download	- 25.76 MiB/s (raw) / 27.97 MiB/s (decompressed)
[DLManager] INFO:  + Disk	- 33.97 MiB/s (write) / 0.00 MiB/s (read)
[DLManager] INFO: = Progress: 20.01% (570/2849), Running for 00:00:20, ETA: 00:01:20
[DLManager] INFO:  - Downloaded: 393.84 MiB, Written: 416.00 MiB
[DLManager] INFO:  - Cache usage: 43.00 MiB, active tasks: 32
[DLManager] INFO:  + Download	- 26.59 MiB/s (raw) / 28.97 MiB/s (decompressed)
[DLManager] INFO:  + Disk	- 29.97 MiB/s (write) / 0.00 MiB/s (read)
[DLManager] INFO: = Progress: 20.85% (594/2849), Running for 00:00:21, ETA: 00:01:19
[DLManager] INFO:  - Downloaded: 419.87 MiB, Written: 440.00 MiB
[DLManager] INFO:  - Cache usage: 47.00 MiB, active tasks: 32
[DLManager] INFO:  + Download	- 26.01 MiB/s (raw) / 27.97 MiB/s (decompressed)
[DLManager] INFO:  + Disk	- 23.98 MiB/s (write) / 0.00 MiB/s (read)
[DLManager] INFO: = Progress: 22.04% (628/2849), Running for 00:00:22, ETA: 00:01:17
[DLManager] INFO:  - Downloaded: 445.71 MiB, Written: 474.00 MiB
[DLManager] INFO:  - Cache usage: 40.00 MiB, active tasks: 32
[DLManager] INFO:  + Download	- 25.81 MiB/s (raw) / 26.97 MiB/s (decompressed)
[DLManager] INFO:  + Disk	- 33.97 MiB/s (write) / 0.00 MiB/s (read)
[DLManager] INFO: = Progress: 22.82% (650/2849), Running for 00:00:23, ETA: 00:01:17
[DLManager] INFO:  - Downloaded: 474.62 MiB, Written: 496.00 MiB
[DLManager] INFO:  - Cache usage: 48.00 MiB, active tasks: 32
[DLManager] INFO:  + Download	- 28.88 MiB/s (raw) / 29.97 MiB/s (decompressed)
[DLManager] INFO:  + Disk	- 21.98 MiB/s (write) / 0.00 MiB/s (read)
[DLManager] INFO: = Progress: 23.97% (683/2849), Running for 00:00:24, ETA: 00:01:16
[DLManager] INFO:  - Downloaded: 497.83 MiB, Written: 529.00 MiB
[DLManager] INFO:  - Cache usage: 39.00 MiB, active tasks: 32
[DLManager] INFO:  + Download	- 23.19 MiB/s (raw) / 23.98 MiB/s (decompressed)
[DLManager] INFO:  + Disk	- 32.97 MiB/s (write) / 0.00 MiB/s (read)
[DLManager] INFO: = Progress: 25.31% (721/2849), Running for 00:00:25, ETA: 00:01:13
[DLManager] INFO:  - Downloaded: 525.44 MiB, Written: 564.00 MiB
[DLManager] INFO:  - Cache usage: 35.00 MiB, active tasks: 32
[DLManager] INFO:  + Download	- 27.58 MiB/s (raw) / 30.97 MiB/s (decompressed)
[DLManager] INFO:  + Disk	- 34.97 MiB/s (write) / 0.00 MiB/s (read)
[DLManager] INFO: = Progress: 26.50% (755/2849), Running for 00:00:26, ETA: 00:01:12
[DLManager] INFO:  - Downloaded: 557.75 MiB, Written: 598.00 MiB
[DLManager] INFO:  - Cache usage: 36.00 MiB, active tasks: 32
[DLManager] INFO:  + Download	- 32.28 MiB/s (raw) / 34.97 MiB/s (decompressed)
[DLManager] INFO:  + Disk	- 33.97 MiB/s (write) / 0.00 MiB/s (read)
[DLManager] INFO: = Progress: 27.45% (782/2849), Running for 00:00:27, ETA: 00:01:11
[DLManager] INFO:  - Downloaded: 582.73 MiB, Written: 625.00 MiB
[DLManager] INFO:  - Cache usage: 36.00 MiB, active tasks: 32
[DLManager] INFO:  + Download	- 24.95 MiB/s (raw) / 26.97 MiB/s (decompressed)
[DLManager] INFO:  + Disk	- 26.97 MiB/s (write) / 0.00 MiB/s (read)
[DLManager] INFO: = Progress: 28.43% (810/2849), Running for 00:00:28, ETA: 00:01:10
[DLManager] INFO:  - Downloaded: 607.34 MiB, Written: 653.00 MiB
[DLManager] INFO:  - Cache usage: 35.00 MiB, active tasks: 32
[DLManager] INFO:  + Download	- 24.59 MiB/s (raw) / 26.97 MiB/s (decompressed)
[DLManager] INFO:  + Disk	- 27.97 MiB/s (write) / 0.00 MiB/s (read)
[DLManager] INFO: = Progress: 29.55% (842/2849), Running for 00:00:29, ETA: 00:01:09
[DLManager] INFO:  - Downloaded: 638.14 MiB, Written: 685.00 MiB
[DLManager] INFO:  - Cache usage: 37.00 MiB, active tasks: 32
[DLManager] INFO:  + Download	- 30.77 MiB/s (raw) / 33.97 MiB/s (decompressed)
[DLManager] INFO:  + Disk	- 31.97 MiB/s (write) / 0.00 MiB/s (read)
[DLManager] INFO: = Progress: 30.47% (868/2849), Running for 00:00:30, ETA: 00:01:08
[DLManager] INFO:  - Downloaded: 667.30 MiB, Written: 711.00 MiB
[DLManager] INFO:  - Cache usage: 44.00 MiB, active tasks: 32
[DLManager] INFO:  + Download	- 29.13 MiB/s (raw) / 32.97 MiB/s (decompressed)
[DLManager] INFO:  + Disk	- 25.97 MiB/s (write) / 0.00 MiB/s (read)
[DLManager] INFO: = Progress: 35.91% (1023/2849), Running for 00:00:31, ETA: 00:00:55
[DLManager] INFO:  - Downloaded: 698.16 MiB, Written: 748.00 MiB
[DLManager] INFO:  - Cache usage: 38.00 MiB, active tasks: 32
[DLManager] INFO:  + Download	- 30.83 MiB/s (raw) / 30.97 MiB/s (decompressed)
[DLManager] INFO:  + Disk	- 36.96 MiB/s (write) / 0.00 MiB/s (read)
[DLManager] INFO: = Progress: 37.24% (1061/2849), Running for 00:00:32, ETA: 00:00:53
[DLManager] INFO:  - Downloaded: 729.10 MiB, Written: 779.00 MiB
[DLManager] INFO:  - Cache usage: 39.00 MiB, active tasks: 32
[DLManager] INFO:  + Download	- 30.91 MiB/s (raw) / 31.97 MiB/s (decompressed)
[DLManager] INFO:  + Disk	- 30.97 MiB/s (write) / 0.00 MiB/s (read)
[DLManager] INFO: = Progress: 39.73% (1132/2849), Running for 00:00:33, ETA: 00:00:50
[DLManager] INFO:  - Downloaded: 759.16 MiB, Written: 819.00 MiB
[DLManager] INFO:  - Cache usage: 35.00 MiB, active tasks: 32
[DLManager] INFO:  + Download	- 30.03 MiB/s (raw) / 35.96 MiB/s (decompressed)
[DLManager] INFO:  + Disk	- 39.96 MiB/s (write) / 0.00 MiB/s (read)
[DLManager] INFO: = Progress: 40.82% (1163/2849), Running for 00:00:34, ETA: 00:00:49
[DLManager] INFO:  - Downloaded: 791.46 MiB, Written: 850.00 MiB
[DLManager] INFO:  - Cache usage: 39.00 MiB, active tasks: 32
[DLManager] INFO:  + Download	- 32.27 MiB/s (raw) / 34.97 MiB/s (decompressed)
[DLManager] INFO:  + Disk	- 30.97 MiB/s (write) / 0.00 MiB/s (read)
[DLManager] INFO: = Progress: 41.77% (1190/2849), Running for 00:00:35, ETA: 00:00:48
[DLManager] INFO:  - Downloaded: 815.46 MiB, Written: 877.00 MiB
[DLManager] INFO:  - Cache usage: 38.00 MiB, active tasks: 32
[DLManager] INFO:  + Download	- 23.98 MiB/s (raw) / 25.97 MiB/s (decompressed)
[DLManager] INFO:  + Disk	- 26.97 MiB/s (write) / 0.00 MiB/s (read)
[DLManager] INFO: = Progress: 42.93% (1223/2849), Running for 00:00:36, ETA: 00:00:47
[DLManager] INFO:  - Downloaded: 843.25 MiB, Written: 910.00 MiB
[DLManager] INFO:  - Cache usage: 35.00 MiB, active tasks: 32
[DLManager] INFO:  + Download	- 27.76 MiB/s (raw) / 29.97 MiB/s (decompressed)
[DLManager] INFO:  + Disk	- 32.97 MiB/s (write) / 0.00 MiB/s (read)
[DLManager] INFO: = Progress: 42.93% (1223/2849), Running for 00:00:37, ETA: 00:00:49
[DLManager] INFO:  - Downloaded: 868.50 MiB, Written: 910.00 MiB
[DLManager] INFO:  - Cache usage: 63.00 MiB, active tasks: 32
[DLManager] INFO:  + Download	- 25.23 MiB/s (raw) / 27.97 MiB/s (decompressed)
[DLManager] INFO:  + Disk	- 0.00 MiB/s (write) / 0.00 MiB/s (read)
[DLManager] INFO: = Progress: 42.93% (1223/2849), Running for 00:00:38, ETA: 00:00:50
[DLManager] INFO:  - Downloaded: 897.07 MiB, Written: 910.00 MiB
[DLManager] INFO:  - Cache usage: 94.00 MiB, active tasks: 32
[DLManager] INFO:  + Download	- 28.54 MiB/s (raw) / 30.97 MiB/s (decompressed)
[DLManager] INFO:  + Disk	- 0.00 MiB/s (write) / 0.00 MiB/s (read)
[DLManager] INFO: = Progress: 46.12% (1314/2849), Running for 00:00:39, ETA: 00:00:45
[DLManager] INFO:  - Downloaded: 925.40 MiB, Written: 1001.00 MiB
[DLManager] INFO:  - Cache usage: 34.00 MiB, active tasks: 32
[DLManager] INFO:  + Download	- 28.30 MiB/s (raw) / 30.97 MiB/s (decompressed)
[DLManager] INFO:  + Disk	- 90.91 MiB/s (write) / 0.00 MiB/s (read)
[DLManager] INFO: = Progress: 46.96% (1338/2849), Running for 00:00:40, ETA: 00:00:45
[DLManager] INFO:  - Downloaded: 954.48 MiB, Written: 1025.00 MiB
[DLManager] INFO:  - Cache usage: 41.00 MiB, active tasks: 32
[DLManager] INFO:  + Download	- 29.06 MiB/s (raw) / 30.97 MiB/s (decompressed)
[DLManager] INFO:  + Disk	- 23.98 MiB/s (write) / 0.00 MiB/s (read)
[DLManager] INFO: = Progress: 48.51% (1382/2849), Running for 00:00:41, ETA: 00:00:43
[DLManager] INFO:  - Downloaded: 988.18 MiB, Written: 1069.00 MiB
[DLManager] INFO:  - Cache usage: 32.00 MiB, active tasks: 32
[DLManager] INFO:  + Download	- 33.66 MiB/s (raw) / 34.97 MiB/s (decompressed)
[DLManager] INFO:  + Disk	- 43.96 MiB/s (write) / 0.00 MiB/s (read)
[DLManager] INFO: = Progress: 49.67% (1415/2849), Running for 00:00:42, ETA: 00:00:42
[DLManager] INFO:  - Downloaded: 1020.11 MiB, Written: 1102.00 MiB
[DLManager] INFO:  - Cache usage: 32.00 MiB, active tasks: 32
[DLManager] INFO:  + Download	- 31.90 MiB/s (raw) / 32.97 MiB/s (decompressed)
[DLManager] INFO:  + Disk	- 32.97 MiB/s (write) / 0.00 MiB/s (read)
[DLManager] INFO: = Progress: 50.54% (1440/2849), Running for 00:00:43, ETA: 00:00:42
[DLManager] INFO:  - Downloaded: 1048.78 MiB, Written: 1127.00 MiB
[DLManager] INFO:  - Cache usage: 39.00 MiB, active tasks: 32
[DLManager] INFO:  + Download	- 28.65 MiB/s (raw) / 31.97 MiB/s (decompressed)
[DLManager] INFO:  + Disk	- 24.97 MiB/s (write) / 0.00 MiB/s (read)
[DLManager] INFO: = Progress: 51.88% (1478/2849), Running for 00:00:44, ETA: 00:00:40
[DLManager] INFO:  - Downloaded: 1074.30 MiB, Written: 1161.00 MiB
[DLManager] INFO:  - Cache usage: 32.00 MiB, active tasks: 32
[DLManager] INFO:  + Download	- 25.49 MiB/s (raw) / 26.97 MiB/s (decompressed)
[DLManager] INFO:  + Disk	- 33.96 MiB/s (write) / 0.00 MiB/s (read)
[DLManager] INFO: = Progress: 52.19% (1487/2849), Running for 00:00:45, ETA: 00:00:41
[DLManager] INFO:  - Downloaded: 1088.44 MiB, Written: 1170.00 MiB
[DLManager] INFO:  - Cache usage: 38.00 MiB, active tasks: 32
[DLManager] INFO:  + Download	- 14.13 MiB/s (raw) / 14.99 MiB/s (decompressed)
[DLManager] INFO:  + Disk	- 8.99 MiB/s (write) / 0.00 MiB/s (read)
[DLManager] INFO: = Progress: 52.44% (1494/2849), Running for 00:00:46, ETA: 00:00:41
[DLManager] INFO:  - Downloaded: 1094.04 MiB, Written: 1177.00 MiB
[DLManager] INFO:  - Cache usage: 37.00 MiB, active tasks: 32
[DLManager] INFO:  + Download	- 5.60 MiB/s (raw) / 5.99 MiB/s (decompressed)
[DLManager] INFO:  + Disk	- 6.99 MiB/s (write) / 0.00 MiB/s (read)
[DLManager] INFO: = Progress: 52.47% (1495/2849), Running for 00:00:47, ETA: 00:00:42
[DLManager] INFO:  - Downloaded: 1107.08 MiB, Written: 1178.00 MiB
[DLManager] INFO:  - Cache usage: 50.00 MiB, active tasks: 32
[DLManager] INFO:  + Download	- 13.03 MiB/s (raw) / 13.99 MiB/s (decompressed)
[DLManager] INFO:  + Disk	- 1.00 MiB/s (write) / 0.00 MiB/s (read)
[DLManager] INFO: = Progress: 53.11% (1513/2849), Running for 00:00:48, ETA: 00:00:42
[DLManager] INFO:  - Downloaded: 1120.92 MiB, Written: 1196.00 MiB
[DLManager] INFO:  - Cache usage: 47.00 MiB, active tasks: 32
[DLManager] INFO:  + Download	- 13.83 MiB/s (raw) / 14.99 MiB/s (decompressed)
[DLManager] INFO:  + Disk	- 17.98 MiB/s (write) / 0.00 MiB/s (read)
[DLManager] INFO: = Progress: 53.67% (1529/2849), Running for 00:00:49, ETA: 00:00:42
[DLManager] INFO:  - Downloaded: 1130.21 MiB, Written: 1212.00 MiB
[DLManager] INFO:  - Cache usage: 41.00 MiB, active tasks: 32
[DLManager] INFO:  + Download	- 9.28 MiB/s (raw) / 9.99 MiB/s (decompressed)
[DLManager] INFO:  + Disk	- 15.98 MiB/s (write) / 0.00 MiB/s (read)
[DLManager] INFO: = Progress: 54.12% (1542/2849), Running for 00:00:50, ETA: 00:00:42
[DLManager] INFO:  - Downloaded: 1136.81 MiB, Written: 1225.00 MiB
[DLManager] INFO:  - Cache usage: 35.00 MiB, active tasks: 32
[DLManager] INFO:  + Download	- 6.60 MiB/s (raw) / 6.99 MiB/s (decompressed)
[DLManager] INFO:  + Disk	- 12.99 MiB/s (write) / 0.00 MiB/s (read)
[DLManager] INFO: = Progress: 54.76% (1560/2849), Running for 00:00:51, ETA: 00:00:42
[DLManager] INFO:  - Downloaded: 1156.09 MiB, Written: 1243.00 MiB
[DLManager] INFO:  - Cache usage: 39.00 MiB, active tasks: 32
[DLManager] INFO:  + Download	- 19.26 MiB/s (raw) / 21.98 MiB/s (decompressed)
[DLManager] INFO:  + Disk	- 17.98 MiB/s (write) / 0.00 MiB/s (read)
[DLManager] INFO: = Progress: 60.02% (1710/2849), Running for 00:00:52, ETA: 00:00:34
[DLManager] INFO:  - Downloaded: 1183.00 MiB, Written: 1276.00 MiB
[DLManager] INFO:  - Cache usage: 33.00 MiB, active tasks: 32
[DLManager] INFO:  + Download	- 26.87 MiB/s (raw) / 26.97 MiB/s (decompressed)
[DLManager] INFO:  + Disk	- 32.97 MiB/s (write) / 0.00 MiB/s (read)
[DLManager] INFO: = Progress: 61.07% (1740/2849), Running for 00:00:53, ETA: 00:00:33
[DLManager] INFO:  - Downloaded: 1208.97 MiB, Written: 1300.00 MiB
[DLManager] INFO:  - Cache usage: 35.00 MiB, active tasks: 32
[DLManager] INFO:  + Download	- 25.95 MiB/s (raw) / 25.97 MiB/s (decompressed)
[DLManager] INFO:  + Disk	- 23.98 MiB/s (write) / 0.00 MiB/s (read)
[DLManager] INFO: = Progress: 63.32% (1804/2849), Running for 00:00:54, ETA: 00:00:31
[DLManager] INFO:  - Downloaded: 1239.61 MiB, Written: 1333.00 MiB
[DLManager] INFO:  - Cache usage: 38.00 MiB, active tasks: 32
[DLManager] INFO:  + Download	- 30.61 MiB/s (raw) / 35.96 MiB/s (decompressed)
[DLManager] INFO:  + Disk	- 32.97 MiB/s (write) / 0.00 MiB/s (read)
[DLManager] INFO: = Progress: 64.62% (1841/2849), Running for 00:00:55, ETA: 00:00:30
[DLManager] INFO:  - Downloaded: 1267.92 MiB, Written: 1369.00 MiB
[DLManager] INFO:  - Cache usage: 33.00 MiB, active tasks: 32
[DLManager] INFO:  + Download	- 28.29 MiB/s (raw) / 30.97 MiB/s (decompressed)
[DLManager] INFO:  + Disk	- 35.96 MiB/s (write) / 0.00 MiB/s (read)
[DLManager] INFO: = Progress: 65.78% (1874/2849), Running for 00:00:56, ETA: 00:00:29
[DLManager] INFO:  - Downloaded: 1297.35 MiB, Written: 1402.00 MiB
[DLManager] INFO:  - Cache usage: 32.00 MiB, active tasks: 32
[DLManager] INFO:  + Download	- 29.40 MiB/s (raw) / 31.97 MiB/s (decompressed)
[DLManager] INFO:  + Disk	- 32.97 MiB/s (write) / 0.00 MiB/s (read)
[DLManager] INFO: = Progress: 66.76% (1902/2849), Running for 00:00:57, ETA: 00:00:28
[DLManager] INFO:  - Downloaded: 1323.41 MiB, Written: 1430.00 MiB
[DLManager] INFO:  - Cache usage: 32.00 MiB, active tasks: 32
[DLManager] INFO:  + Download	- 26.03 MiB/s (raw) / 27.97 MiB/s (decompressed)
[DLManager] INFO:  + Disk	- 27.97 MiB/s (write) / 0.00 MiB/s (read)
[DLManager] INFO: = Progress: 67.78% (1931/2849), Running for 00:00:58, ETA: 00:00:27
[DLManager] INFO:  - Downloaded: 1352.39 MiB, Written: 1459.00 MiB
[DLManager] INFO:  - Cache usage: 35.00 MiB, active tasks: 32
[DLManager] INFO:  + Download	- 28.96 MiB/s (raw) / 31.97 MiB/s (decompressed)
[DLManager] INFO:  + Disk	- 28.97 MiB/s (write) / 0.00 MiB/s (read)
[DLManager] INFO: = Progress: 68.59% (1954/2849), Running for 00:00:59, ETA: 00:00:27
[DLManager] INFO:  - Downloaded: 1370.86 MiB, Written: 1482.00 MiB
[DLManager] INFO:  - Cache usage: 32.00 MiB, active tasks: 32
[DLManager] INFO:  + Download	- 18.45 MiB/s (raw) / 19.98 MiB/s (decompressed)
[DLManager] INFO:  + Disk	- 22.98 MiB/s (write) / 0.00 MiB/s (read)
[DLManager] INFO: = Progress: 69.46% (1979/2849), Running for 00:01:00, ETA: 00:00:26
[DLManager] INFO:  - Downloaded: 1398.46 MiB, Written: 1507.00 MiB
[DLManager] INFO:  - Cache usage: 37.00 MiB, active tasks: 32
[DLManager] INFO:  + Download	- 27.57 MiB/s (raw) / 29.97 MiB/s (decompressed)
[DLManager] INFO:  + Disk	- 24.98 MiB/s (write) / 0.00 MiB/s (read)
[DLManager] INFO: = Progress: 70.52% (2009/2849), Running for 00:01:01, ETA: 00:00:25
[DLManager] INFO:  - Downloaded: 1422.37 MiB, Written: 1537.00 MiB
[DLManager] INFO:  - Cache usage: 33.00 MiB, active tasks: 32
[DLManager] INFO:  + Download	- 23.89 MiB/s (raw) / 25.97 MiB/s (decompressed)
[DLManager] INFO:  + Disk	- 29.97 MiB/s (write) / 0.00 MiB/s (read)
[DLManager] INFO: = Progress: 71.57% (2039/2849), Running for 00:01:02, ETA: 00:00:24
[DLManager] INFO:  - Downloaded: 1451.85 MiB, Written: 1567.00 MiB
[DLManager] INFO:  - Cache usage: 33.00 MiB, active tasks: 32
[DLManager] INFO:  + Download	- 29.45 MiB/s (raw) / 29.97 MiB/s (decompressed)
[DLManager] INFO:  + Disk	- 29.97 MiB/s (write) / 0.00 MiB/s (read)
[DLManager] INFO: = Progress: 72.52% (2066/2849), Running for 00:01:03, ETA: 00:00:23
[DLManager] INFO:  - Downloaded: 1481.29 MiB, Written: 1594.00 MiB
[DLManager] INFO:  - Cache usage: 36.00 MiB, active tasks: 32
[DLManager] INFO:  + Download	- 29.41 MiB/s (raw) / 29.97 MiB/s (decompressed)
[DLManager] INFO:  + Disk	- 26.97 MiB/s (write) / 0.00 MiB/s (read)
[DLManager] INFO: = Progress: 73.29% (2088/2849), Running for 00:01:04, ETA: 00:00:23
[DLManager] INFO:  - Downloaded: 1512.50 MiB, Written: 1616.00 MiB
[DLManager] INFO:  - Cache usage: 46.00 MiB, active tasks: 32
[DLManager] INFO:  + Download	- 31.19 MiB/s (raw) / 31.97 MiB/s (decompressed)
[DLManager] INFO:  + Disk	- 21.98 MiB/s (write) / 0.00 MiB/s (read)
[DLManager] INFO: = Progress: 74.69% (2128/2849), Running for 00:01:05, ETA: 00:00:22
[DLManager] INFO:  - Downloaded: 1539.67 MiB, Written: 1653.00 MiB
[DLManager] INFO:  - Cache usage: 40.00 MiB, active tasks: 32
[DLManager] INFO:  + Download	- 27.14 MiB/s (raw) / 30.97 MiB/s (decompressed)
[DLManager] INFO:  + Disk	- 36.96 MiB/s (write) / 0.00 MiB/s (read)
[DLManager] INFO: = Progress: 76.17% (2170/2849), Running for 00:01:06, ETA: 00:00:20
[DLManager] INFO:  - Downloaded: 1571.07 MiB, Written: 1695.00 MiB
[DLManager] INFO:  - Cache usage: 32.00 MiB, active tasks: 32
[DLManager] INFO:  + Download	- 31.36 MiB/s (raw) / 33.97 MiB/s (decompressed)
[DLManager] INFO:  + Disk	- 41.96 MiB/s (write) / 0.00 MiB/s (read)
[DLManager] INFO: = Progress: 77.18% (2199/2849), Running for 00:01:07, ETA: 00:00:19
[DLManager] INFO:  - Downloaded: 1600.47 MiB, Written: 1724.00 MiB
[DLManager] INFO:  - Cache usage: 35.00 MiB, active tasks: 32
[DLManager] INFO:  + Download	- 29.37 MiB/s (raw) / 31.97 MiB/s (decompressed)
[DLManager] INFO:  + Disk	- 28.97 MiB/s (write) / 0.00 MiB/s (read)
[DLManager] INFO: = Progress: 78.20% (2228/2849), Running for 00:01:08, ETA: 00:00:18
[DLManager] INFO:  - Downloaded: 1630.44 MiB, Written: 1753.00 MiB
[DLManager] INFO:  - Cache usage: 39.00 MiB, active tasks: 32
[DLManager] INFO:  + Download	- 29.94 MiB/s (raw) / 32.97 MiB/s (decompressed)
[DLManager] INFO:  + Disk	- 28.97 MiB/s (write) / 0.00 MiB/s (read)
[DLManager] INFO: = Progress: 79.50% (2265/2849), Running for 00:01:09, ETA: 00:00:17
[DLManager] INFO:  - Downloaded: 1658.78 MiB, Written: 1790.00 MiB
[DLManager] INFO:  - Cache usage: 35.00 MiB, active tasks: 32
[DLManager] INFO:  + Download	- 28.32 MiB/s (raw) / 32.97 MiB/s (decompressed)
[DLManager] INFO:  + Disk	- 36.96 MiB/s (write) / 0.00 MiB/s (read)
[DLManager] INFO: = Progress: 84.94% (2420/2849), Running for 00:01:10, ETA: 00:00:12
[DLManager] INFO:  - Downloaded: 1693.58 MiB, Written: 1827.00 MiB
[DLManager] INFO:  - Cache usage: 33.00 MiB, active tasks: 32
[DLManager] INFO:  + Download	- 34.76 MiB/s (raw) / 34.97 MiB/s (decompressed)
[DLManager] INFO:  + Disk	- 36.96 MiB/s (write) / 0.00 MiB/s (read)
[DLManager] INFO: = Progress: 85.92% (2448/2849), Running for 00:01:11, ETA: 00:00:11
[DLManager] INFO:  - Downloaded: 1717.56 MiB, Written: 1850.00 MiB
[DLManager] INFO:  - Cache usage: 34.00 MiB, active tasks: 32
[DLManager] INFO:  + Download	- 23.96 MiB/s (raw) / 23.98 MiB/s (decompressed)
[DLManager] INFO:  + Disk	- 22.98 MiB/s (write) / 0.00 MiB/s (read)
[DLManager] INFO: = Progress: 88.56% (2523/2849), Running for 00:01:12, ETA: 00:00:09
[DLManager] INFO:  - Downloaded: 1755.82 MiB, Written: 1893.00 MiB
[DLManager] INFO:  - Cache usage: 34.00 MiB, active tasks: 32
[DLManager] INFO:  + Download	- 38.22 MiB/s (raw) / 42.96 MiB/s (decompressed)
[DLManager] INFO:  + Disk	- 42.96 MiB/s (write) / 0.00 MiB/s (read)
[DLManager] INFO: = Progress: 89.36% (2546/2849), Running for 00:01:13, ETA: 00:00:08
[DLManager] INFO:  - Downloaded: 1784.32 MiB, Written: 1916.00 MiB
[DLManager] INFO:  - Cache usage: 42.00 MiB, active tasks: 32
[DLManager] INFO:  + Download	- 28.47 MiB/s (raw) / 30.97 MiB/s (decompressed)
[DLManager] INFO:  + Disk	- 22.98 MiB/s (write) / 0.00 MiB/s (read)
[DLManager] INFO: = Progress: 90.70% (2584/2849), Running for 00:01:14, ETA: 00:00:07
[DLManager] INFO:  - Downloaded: 1813.90 MiB, Written: 1954.00 MiB
[DLManager] INFO:  - Cache usage: 36.00 MiB, active tasks: 32
[DLManager] INFO:  + Download	- 29.55 MiB/s (raw) / 31.97 MiB/s (decompressed)
[DLManager] INFO:  + Disk	- 37.96 MiB/s (write) / 0.00 MiB/s (read)
[DLManager] INFO: = Progress: 92.07% (2623/2849), Running for 00:01:15, ETA: 00:00:06
[DLManager] INFO:  - Downloaded: 1846.19 MiB, Written: 1993.00 MiB
[DLManager] INFO:  - Cache usage: 32.00 MiB, active tasks: 32
[DLManager] INFO:  + Download	- 32.26 MiB/s (raw) / 34.97 MiB/s (decompressed)
[DLManager] INFO:  + Disk	- 38.96 MiB/s (write) / 0.00 MiB/s (read)
[DLManager] INFO: = Progress: 93.40% (2661/2849), Running for 00:01:16, ETA: 00:00:05
[DLManager] INFO:  - Downloaded: 1884.31 MiB, Written: 2031.00 MiB
[DLManager] INFO:  - Cache usage: 36.00 MiB, active tasks: 32
[DLManager] INFO:  + Download	- 38.09 MiB/s (raw) / 41.96 MiB/s (decompressed)
[DLManager] INFO:  + Disk	- 37.96 MiB/s (write) / 0.00 MiB/s (read)
[DLManager] INFO: = Progress: 94.66% (2697/2849), Running for 00:01:17, ETA: 00:00:04
[DLManager] INFO:  - Downloaded: 1913.90 MiB, Written: 2067.00 MiB
[DLManager] INFO:  - Cache usage: 32.00 MiB, active tasks: 32
[DLManager] INFO:  + Download	- 29.56 MiB/s (raw) / 31.97 MiB/s (decompressed)
[DLManager] INFO:  + Disk	- 35.96 MiB/s (write) / 0.00 MiB/s (read)
[DLManager] INFO: = Progress: 95.82% (2730/2849), Running for 00:01:18, ETA: 00:00:03
[DLManager] INFO:  - Downloaded: 1946.10 MiB, Written: 2100.00 MiB
[DLManager] INFO:  - Cache usage: 34.00 MiB, active tasks: 32
[DLManager] INFO:  + Download	- 32.17 MiB/s (raw) / 34.96 MiB/s (decompressed)
[DLManager] INFO:  + Disk	- 32.97 MiB/s (write) / 0.00 MiB/s (read)
[DLManager] INFO: = Progress: 97.12% (2767/2849), Running for 00:01:19, ETA: 00:00:02
[DLManager] INFO:  - Downloaded: 1984.61 MiB, Written: 2137.00 MiB
[DLManager] INFO:  - Cache usage: 37.00 MiB, active tasks: 32
[DLManager] INFO:  + Download	- 38.47 MiB/s (raw) / 39.96 MiB/s (decompressed)
[DLManager] INFO:  + Disk	- 36.96 MiB/s (write) / 0.00 MiB/s (read)
[DLManager] INFO: = Progress: 98.28% (2800/2849), Running for 00:01:20, ETA: 00:00:01
[DLManager] INFO:  - Downloaded: 2021.35 MiB, Written: 2170.00 MiB
[DLManager] INFO:  - Cache usage: 41.00 MiB, active tasks: 31
[DLManager] INFO:  + Download	- 36.70 MiB/s (raw) / 37.96 MiB/s (decompressed)
[DLManager] INFO:  + Disk	- 32.97 MiB/s (write) / 0.00 MiB/s (read)
[DLManager] INFO: = Progress: 99.65% (2839/2849), Running for 00:01:21, ETA: 00:00:00
[DLManager] INFO:  - Downloaded: 2046.83 MiB, Written: 2208.00 MiB
[DLManager] INFO:  - Cache usage: 3.00 MiB, active tasks: 1
[DLManager] INFO:  + Download	- 25.46 MiB/s (raw) / 29.97 MiB/s (decompressed)
[DLManager] INFO:  + Disk	- 37.96 MiB/s (write) / 0.00 MiB/s (read)
[DLManager] INFO: = Progress: 100.00% (2849/2849), Running for 00:01:22, ETA: 00:00:00
[DLManager] INFO:  - Downloaded: 2047.20 MiB, Written: 2209.62 MiB
[DLManager] INFO:  - Cache usage: 0.00 MiB, active tasks: 0
[DLManager] INFO:  + Download	- 0.36 MiB/s (raw) / 1.00 MiB/s (decompressed)
[DLManager] INFO:  + Disk	- 1.62 MiB/s (write) / 0.00 MiB/s (read)
[DLManager] INFO: Waiting for installation to finish...
[DLManager] INFO: All done! Download manager quitting...
[cli] INFO: This game supports cloud saves, syncing is handled by the "sync-saves" command. To download saves for this game run "legendary sync-saves f8ef168f3522419caad27d82878e0329"
[cli] INFO: Finished installation process in 83.14 seconds.
