Launching "Hearts of iron iV" (sideload)
Native? No
Installed in: /home/vmdjavem/Games/Heroic/Prefixes/default/Title/drive_c/Hearts of Iron IV

System Info:
CPU: 12x AMD Ryzen 5 7600X 6-Core Processor
Memory: 32.7 GB (used: 5.1 GB)
GPUs:
  GPU 0:
    Name: Advanced Micro Devices, Inc. [AMD/ATI] Raphael
    IDs: D=164e V=1002 SD=7e26 SV=1462
    Driver: amdgpu
  GPU 1:
    Name: Advanced Micro Devices, Inc. [AMD/ATI] Navi 32 [Radeon RX 7700 XT / 7800 XT]
    IDs: D=747e V=1002 SD=f475 SV=1da2
    Driver: amdgpu
OS: EndeavourOS 6.14.4-arch1-1 (linux)

The current system is not a Steam Deck
We are not running inside a Flatpak container

Software Versions:
  Heroic: 2.16.1 Scopper Gaban
  Legendary: 0.20.36 Urban Flight (Heroic)
  gogdl: 1.1.2
  comet: comet 0.2.0
  Nile: 1.1.2 Will A. Zeppeli

Game Settings: {
	"autoInstallDxvk": true,
	"autoInstallDxvkNvapi": true,
	"autoInstallVkd3d": true,
	"preferSystemLibs": false,
	"enableEsync": true,
	"enableMsync": false,
	"enableFsync": true,
	"nvidiaPrime": false,
	"enviromentOptions": [],
	"wrapperOptions": [],
	"showFps": false,
	"useGameMode": false,
	"battlEyeRuntime": true,
	"eacRuntime": true,
	"language": "",
	"beforeLaunchScriptPath": "",
	"afterLaunchScriptPath": "",
	"verboseLogs": false,
	"wineVersion": {
		"bin": "/home/vmdjavem/.config/heroic/tools/wine/Wine-GE-latest/bin/wine",
		"name": "Wine - Wine-GE-latest",
		"type": "wine",
		"lib": "/home/vmdjavem/.config/heroic/tools/wine/Wine-GE-latest/lib64",
		"lib32": "/home/vmdjavem/.config/heroic/tools/wine/Wine-GE-latest/lib",
		"wineserver": "/home/vmdjavem/.config/heroic/tools/wine/Wine-GE-latest/bin/wineserver"
	},
	"winePrefix": "/home/vmdjavem/Games/Heroic/Prefixes/default/Title/drive_c/Hearts of Iron IV",
	"wineCrossoverBottle": ""
}

Game launched at: Sun Apr 27 2025 20:15:15 GMT-0500 (hora estándar oriental)

Winetricks packages: andale, arial, comicsans, courier, georgia, impact, times, trebuchet, verdana, webdings, corefonts, w_workaround_wine_bug-50894, ucrtbase2019, vcrun2019, remove_mono internal, remove_mono internal, winxp, dotnet40, dotnet48

============= End of log =============