2025-04-17 14:53:09.597 [info] Telemetry level is off
2025-04-17 14:53:09.597 [info] Experiments are disabled, only manually opted experiments are active.
2025-04-17 14:53:09.597 [warning] Dir "/home/vmdjavem/Documents/the_c_programing_lenguaje/.pixi/envs" is not watchable (directory does not exist)
2025-04-17 14:53:09.597 [info] Starting Environment refresh
2025-04-17 14:53:09.597 [info] > hatch env show --json
2025-04-17 14:53:09.597 [info] cwd: .
2025-04-17 14:53:09.597 [info] Starting Environment refresh
2025-04-17 14:53:09.609 [info] > /bin/python -I ~/.vscode-oss/extensions/ms-python.python-2025.4.0-universal/python_files/get_output_via_markers.py ~/.vscode-oss/extensions/ms-python.python-2025.4.0-universal/python_files/interpreterInfo.py
2025-04-17 14:53:09.609 [info] Environments refresh paths discovered: 56 milliseconds
2025-04-17 14:53:09.610 [info] Environments refresh paths discovered: 13 milliseconds
2025-04-17 14:53:09.636 [info] Environments refresh finished (event): 82 milliseconds
2025-04-17 14:53:09.636 [info] Environments refresh finished (event): 39 milliseconds
2025-04-17 14:53:09.636 [info] Python interpreter path: /bin/python
2025-04-17 14:53:09.637 [info] Environment refresh took 84 milliseconds
2025-04-17 14:53:09.637 [info] Environment refresh took 40 milliseconds
2025-04-17 14:53:09.641 [info] > pyenv which python
2025-04-17 14:53:09.641 [info] cwd: .
2025-04-17 14:53:10.076 [info] Starting Jedi language server for the_c_programing_lenguaje.
2025-04-17 14:55:29.552 [info] Telemetry level is off
2025-04-17 14:55:29.552 [info] Experiments are disabled, only manually opted experiments are active.
2025-04-17 14:55:29.552 [warning] Dir "/home/vmdjavem/Documents/the_c_programing_lenguaje/.pixi/envs" is not watchable (directory does not exist)
2025-04-17 14:55:29.553 [info] Python interpreter path: /bin/python
2025-04-17 14:55:29.591 [info] > pyenv which python
2025-04-17 14:55:29.591 [info] cwd: .
2025-04-17 14:55:29.919 [info] Starting Jedi language server for the_c_programing_lenguaje.
2025-04-17 14:57:24.045 [info] Discover tests for workspace name: the_c_programing_lenguaje - uri: /home/vmdjavem/Documents/the_c_programing_lenguaje
2025-04-17 14:58:35.428 [info] Discover tests for workspace name: undefined - uri: /home/vmdjavem/.config/VSCodium/User/settings.json
2025-04-17 14:58:51.639 [info] Discover tests for workspace name: undefined - uri: /home/vmdjavem/.config/VSCodium/User/settings.json
2025-04-17 15:09:06.407 [info] Telemetry level is off
2025-04-17 15:09:06.407 [info] Experiments are disabled, only manually opted experiments are active.
2025-04-17 15:09:06.407 [warning] Dir "/home/vmdjavem/Documents/the_c_programing_lenguaje/.pixi/envs" is not watchable (directory does not exist)
2025-04-17 15:09:06.408 [info] Python interpreter path: /bin/python
2025-04-17 15:09:06.422 [info] > pyenv which python
2025-04-17 15:09:06.422 [info] cwd: .
2025-04-17 15:09:06.773 [info] Starting Jedi language server for the_c_programing_lenguaje.
