2025-04-11 19:39:01.899 [info] Telemetry level is off
2025-04-11 19:39:01.899 [info] Experiments are disabled, only manually opted experiments are active.
2025-04-11 19:39:01.899 [info] Starting Environment refresh
2025-04-11 19:39:01.899 [info] Searching for interpreters in posix paths locator
2025-04-11 19:39:01.899 [info] Searching for pyenv environments
2025-04-11 19:39:01.899 [info] Searching for conda environments
2025-04-11 19:39:01.899 [info] Searching for global virtual environments
2025-04-11 19:39:01.899 [info] Searching for custom virtual environments
2025-04-11 19:39:01.899 [info] pyenv is not installed
2025-04-11 19:39:01.899 [info] Finished searching for pyenv environments: 5 milliseconds
2025-04-11 19:39:01.899 [info] Finished searching for custom virtual envs: 5 milliseconds
2025-04-11 19:39:01.899 [info] > conda info --json
2025-04-11 19:39:01.899 [info] Finished searching for global virtual envs: 11 milliseconds
2025-04-11 19:39:01.899 [info] Found: /bin/python --> /bin/python3.13
2025-04-11 19:39:01.900 [info] Found: /bin/python3 --> /bin/python3.13
2025-04-11 19:39:01.900 [info] Found: /bin/python3.13 --> /bin/python3.13
2025-04-11 19:39:01.911 [info] Found: /sbin/python --> /sbin/python3.13
2025-04-11 19:39:01.912 [info] Found: /sbin/python3 --> /sbin/python3.13
2025-04-11 19:39:01.912 [info] Found: /sbin/python3.13 --> /sbin/python3.13
2025-04-11 19:39:01.915 [info] Found: /usr/bin/python --> /usr/bin/python3.13
2025-04-11 19:39:01.915 [info] Found: /usr/bin/python3 --> /usr/bin/python3.13
2025-04-11 19:39:01.915 [info] Found: /usr/bin/python3.13 --> /usr/bin/python3.13
2025-04-11 19:39:01.927 [info] Found: /usr/sbin/python --> /usr/sbin/python3.13
2025-04-11 19:39:01.927 [info] Found: /usr/sbin/python3 --> /usr/sbin/python3.13
2025-04-11 19:39:01.927 [info] Found: /usr/sbin/python3.13 --> /usr/sbin/python3.13
2025-04-11 19:39:01.935 [info] > /bin/python -I ~/.vscode-oss/extensions/ms-python.python-2025.4.0-universal/python_files/get_output_via_markers.py ~/.vscode-oss/extensions/ms-python.python-2025.4.0-universal/python_files/interpreterInfo.py
2025-04-11 19:39:01.941 [info] > /sbin/python -I ~/.vscode-oss/extensions/ms-python.python-2025.4.0-universal/python_files/get_output_via_markers.py ~/.vscode-oss/extensions/ms-python.python-2025.4.0-universal/python_files/interpreterInfo.py
2025-04-11 19:39:01.944 [info] Finished searching for interpreters in posix paths locator: 63 milliseconds
2025-04-11 19:39:01.947 [info] Environments refresh paths discovered (event): 66 milliseconds
2025-04-11 19:39:01.947 [info] Environments refresh paths discovered: 66 milliseconds
2025-04-11 19:39:01.957 [info] > /usr/bin/python -I ~/.vscode-oss/extensions/ms-python.python-2025.4.0-universal/python_files/get_output_via_markers.py ~/.vscode-oss/extensions/ms-python.python-2025.4.0-universal/python_files/interpreterInfo.py
2025-04-11 19:39:01.963 [info] > /usr/sbin/python -I ~/.vscode-oss/extensions/ms-python.python-2025.4.0-universal/python_files/get_output_via_markers.py ~/.vscode-oss/extensions/ms-python.python-2025.4.0-universal/python_files/interpreterInfo.py
2025-04-11 19:39:01.982 [info] Environments refresh finished (event): 101 milliseconds
2025-04-11 19:39:01.984 [info] Environment refresh took 103 milliseconds
2025-04-11 19:39:01.988 [info] Python interpreter path: /bin/python
2025-04-11 19:39:02.494 [info] Starting Jedi language server for default.
