    OpenRGB v0.9+ (git1290)
    Commit: 45af044cd84032b9a9b5865cb5e12aa2cd98c47e from 2025-04-13 13:42:14 -0500
    Launched: 20250417_160631
====================================================================================================

0     |Info:    [ProfileManager] Found file: lol.orp attempting to validate header
0     |Info:    [ProfileManager] Valid v5 profile found for lol
0     |Info:    [ProfileManager] Found file: Turquesa\.orp attempting to validate header
0     |Info:    [ProfileManager] Valid v5 profile found for Turquesa\
0     |Info:    [ProfileManager] Found file: free.orp attempting to validate header
1     |Info:    [ProfileManager] Valid v5 profile found for free
58    |Info:    [ResourceManager] Initializing HID interfaces: Success
58    |Info:    ------------------------------------------------------
58    |Info:    |               Start device detection               |
58    |Info:    ------------------------------------------------------
62    |Info:    ------------------------------------------------------
62    |Info:    |             Detecting I2C interfaces               |
62    |Info:    ------------------------------------------------------
62    |Info:    [ResourceManager] Registering I2C interface: /dev/i2c-3 Device 1002:747E Subsystem: 1DA2:F475
62    |Warning: [i2c_smbus_linux] Failed to read i2c device PCI device ID
62    |Info:    [ResourceManager] Registering I2C interface: /dev/i2c-10 Device 0000:0000 Subsystem: 0000:0000
62    |Info:    [ResourceManager] Registering I2C interface: /dev/i2c-1 Device 1022:790B Subsystem: 1462:7E26
62    |Warning: [i2c_smbus_linux] Failed to read i2c device PCI device ID
62    |Info:    [ResourceManager] Registering I2C interface: /dev/i2c-17 Device 0000:0000 Subsystem: 0000:0000
62    |Info:    [ResourceManager] Registering I2C interface: /dev/i2c-8 Device 1002:747E Subsystem: 1DA2:F475
62    |Warning: [i2c_smbus_linux] Failed to read i2c device PCI device ID
62    |Info:    [ResourceManager] Registering I2C interface: /dev/i2c-15 Device 0000:0000 Subsystem: 0000:0000
62    |Info:    [ResourceManager] Registering I2C interface: /dev/i2c-6 Device 1002:747E Subsystem: 1DA2:F475
62    |Info:    [ResourceManager] Registering I2C interface: /dev/i2c-13 Device 1002:164E Subsystem: 1462:7E26
62    |Info:    [ResourceManager] Registering I2C interface: /dev/i2c-4 Device 1002:747E Subsystem: 1DA2:F475
63    |Info:    [ResourceManager] Registering I2C interface: /dev/i2c-11 Device 1002:164E Subsystem: 1462:7E26
63    |Info:    [ResourceManager] Registering I2C interface: /dev/i2c-2 Device 1022:790B Subsystem: 1462:7E26
63    |Info:    [ResourceManager] Registering I2C interface: /dev/i2c-0 Device 1022:790B Subsystem: 1462:7E26
63    |Warning: [i2c_smbus_linux] Failed to read i2c device PCI device ID
63    |Info:    [ResourceManager] Registering I2C interface: /dev/i2c-9 Device 0000:0000 Subsystem: 0000:0000
63    |Warning: [i2c_smbus_linux] Failed to read i2c device PCI device ID
63    |Info:    [ResourceManager] Registering I2C interface: /dev/i2c-16 Device 0000:0000 Subsystem: 0000:0000
63    |Info:    [ResourceManager] Registering I2C interface: /dev/i2c-7 Device 1002:747E Subsystem: 1DA2:F475
63    |Info:    [ResourceManager] Registering I2C interface: /dev/i2c-14 Device 1002:164E Subsystem: 1462:7E26
63    |Info:    [ResourceManager] Registering I2C interface: /dev/i2c-5 Device 1002:747E Subsystem: 1DA2:F475
63    |Info:    [ResourceManager] Registering I2C interface: /dev/i2c-12 Device 1002:164E Subsystem: 1462:7E26
63    |Info:    ------------------------------------------------------
63    |Info:    |               Detecting I2C devices                |
63    |Info:    ------------------------------------------------------
418   |Info:    [ENE DRAM] Registering RGB controller
677   |Info:    [ENE DRAM] Registering RGB controller
1873  |Info:    ------------------------------------------------------
1873  |Info:    |            Detecting I2C DIMM modules              |
1873  |Info:    ------------------------------------------------------
2870  |Info:    [ResourceManager] Detected occupied slot 2, bus 2, type DDR5
3845  |Info:    [ResourceManager] Detected occupied slot 4, bus 2, type DDR5
3869  |Info:    [ResourceManager] Detected occupied slot 2, bus 10, type DDR5
3874  |Info:    [ResourceManager] Detected occupied slot 4, bus 10, type DDR5
3898  |Info:    [ResourceManager] Detected occupied slot 2, bus 11, type DDR5
3903  |Info:    [ResourceManager] Detected occupied slot 4, bus 11, type DDR5
3923  |Info:    ------------------------------------------------------
3923  |Info:    |               Detecting I2C PCI devices            |
3923  |Info:    ------------------------------------------------------
3968  |Info:    ------------------------------------------------------
3968  |Info:    |               Detecting HID devices                |
3968  |Info:    ------------------------------------------------------
4034  |Info:    [MSI B650 GAMING PLUS WIFI (MS-7E26)] Registering RGB controller
4034  |Info:    ------------------------------------------------------
4034  |Info:    |            Detecting libusb HID devices            |
4034  |Info:    ------------------------------------------------------
4041  |Info:    ------------------------------------------------------
4041  |Info:    |              Detecting other devices               |
4041  |Info:    ------------------------------------------------------
4048  |Info:    [ResourceManager] Calling Post-detection callbacks
4048  |Info:    ------------------------------------------------------
4048  |Info:    |                Detection completed                 |
4048  |Info:    ------------------------------------------------------
11440 |Info:    [ProfileManager] Profile loading: Succeeded for ENE DRAM @ I2C: /dev/i2c-0, address 0x71
11440 |Info:    [ProfileManager] Profile loading: Succeeded for ENE DRAM @ I2C: /dev/i2c-0, address 0x73
11440 |Info:    [ProfileManager] Profile loading: Succeeded for MSI B650 GAMING PLUS WIFI (MS-7E26) @ HID: /dev/hidraw7
47215 |Info:    [ProfileManager] Found file: lol.orp attempting to validate header
47215 |Info:    [ProfileManager] Valid v5 profile found for lol
47215 |Info:    [ProfileManager] Found file: Rojo.orp attempting to validate header
47215 |Info:    [ProfileManager] Valid v5 profile found for Rojo
47215 |Info:    [ProfileManager] Found file: Turquesa\.orp attempting to validate header
47215 |Info:    [ProfileManager] Valid v5 profile found for Turquesa\
47215 |Info:    [ProfileManager] Found file: free.orp attempting to validate header
47215 |Info:    [ProfileManager] Valid v5 profile found for free
