    OpenRGB v0.9+ (git1289)
    Commit: 49aafb263fb961fcb8f2e5402ae41cabfae04531 from 2025-04-11 18:15:04 -0500
    Launched: 20250412_212942
====================================================================================================

0     |Info:    [ProfileManager] Found file: lol.orp attempting to validate header
0     |Info:    [ProfileManager] Valid v5 profile found for lol
57    |Info:    [ResourceManager] Initializing HID interfaces: Success
57    |Info:    ------------------------------------------------------
57    |Info:    |               Start device detection               |
57    |Info:    ------------------------------------------------------
61    |Info:    ------------------------------------------------------
61    |Info:    |             Detecting I2C interfaces               |
61    |Info:    ------------------------------------------------------
61    |Info:    [ResourceManager] Registering I2C interface: /dev/i2c-3 Device 1002:747E Subsystem: 1DA2:F475
61    |Warning: [i2c_smbus_linux] Failed to read i2c device PCI device ID
61    |Info:    [ResourceManager] Registering I2C interface: /dev/i2c-10 Device 0000:0000 Subsystem: 0000:0000
62    |Info:    [ResourceManager] Registering I2C interface: /dev/i2c-1 Device 1022:790B Subsystem: 1462:7E26
62    |Warning: [i2c_smbus_linux] Failed to read i2c device PCI device ID
62    |Info:    [ResourceManager] Registering I2C interface: /dev/i2c-17 Device 0000:0000 Subsystem: 0000:0000
62    |Info:    [ResourceManager] Registering I2C interface: /dev/i2c-8 Device 1002:747E Subsystem: 1DA2:F475
62    |Warning: [i2c_smbus_linux] Failed to read i2c device PCI device ID
62    |Info:    [ResourceManager] Registering I2C interface: /dev/i2c-15 Device 0000:0000 Subsystem: 0000:0000
62    |Info:    [ResourceManager] Registering I2C interface: /dev/i2c-6 Device 1002:747E Subsystem: 1DA2:F475
62    |Info:    [ResourceManager] Registering I2C interface: /dev/i2c-13 Device 1002:164E Subsystem: 1462:7E26
62    |Info:    [ResourceManager] Registering I2C interface: /dev/i2c-4 Device 1002:747E Subsystem: 1DA2:F475
62    |Info:    [ResourceManager] Registering I2C interface: /dev/i2c-11 Device 1002:164E Subsystem: 1462:7E26
62    |Info:    [ResourceManager] Registering I2C interface: /dev/i2c-2 Device 1022:790B Subsystem: 1462:7E26
62    |Info:    [ResourceManager] Registering I2C interface: /dev/i2c-0 Device 1022:790B Subsystem: 1462:7E26
62    |Warning: [i2c_smbus_linux] Failed to read i2c device PCI device ID
62    |Info:    [ResourceManager] Registering I2C interface: /dev/i2c-9 Device 0000:0000 Subsystem: 0000:0000
62    |Warning: [i2c_smbus_linux] Failed to read i2c device PCI device ID
62    |Info:    [ResourceManager] Registering I2C interface: /dev/i2c-16 Device 0000:0000 Subsystem: 0000:0000
62    |Info:    [ResourceManager] Registering I2C interface: /dev/i2c-7 Device 1002:747E Subsystem: 1DA2:F475
62    |Info:    [ResourceManager] Registering I2C interface: /dev/i2c-14 Device 1002:164E Subsystem: 1462:7E26
62    |Info:    [ResourceManager] Registering I2C interface: /dev/i2c-5 Device 1002:747E Subsystem: 1DA2:F475
62    |Info:    [ResourceManager] Registering I2C interface: /dev/i2c-12 Device 1002:164E Subsystem: 1462:7E26
62    |Info:    ------------------------------------------------------
62    |Info:    |               Detecting I2C devices                |
62    |Info:    ------------------------------------------------------
429   |Info:    [ENE DRAM] Registering RGB controller
695   |Info:    [ENE DRAM] Registering RGB controller
1890  |Info:    ------------------------------------------------------
1890  |Info:    |            Detecting I2C DIMM modules              |
1890  |Info:    ------------------------------------------------------
2894  |Info:    [ResourceManager] Detected occupied slot 2, bus 2, type DDR5
3921  |Info:    [ResourceManager] Detected occupied slot 4, bus 2, type DDR5
3946  |Info:    [ResourceManager] Detected occupied slot 2, bus 10, type DDR5
3951  |Info:    [ResourceManager] Detected occupied slot 4, bus 10, type DDR5
3974  |Info:    [ResourceManager] Detected occupied slot 2, bus 11, type DDR5
3979  |Info:    [ResourceManager] Detected occupied slot 4, bus 11, type DDR5
3998  |Info:    ------------------------------------------------------
3998  |Info:    |               Detecting I2C PCI devices            |
3998  |Info:    ------------------------------------------------------
4045  |Info:    ------------------------------------------------------
4045  |Info:    |               Detecting HID devices                |
4045  |Info:    ------------------------------------------------------
4116  |Info:    [MSI B650 GAMING PLUS WIFI (MS-7E26)] Registering RGB controller
4116  |Info:    ------------------------------------------------------
4116  |Info:    |            Detecting libusb HID devices            |
4116  |Info:    ------------------------------------------------------
4123  |Info:    ------------------------------------------------------
4123  |Info:    |              Detecting other devices               |
4123  |Info:    ------------------------------------------------------
4130  |Info:    [ResourceManager] Calling Post-detection callbacks
4130  |Info:    ------------------------------------------------------
4130  |Info:    |                Detection completed                 |
4130  |Info:    ------------------------------------------------------
5009  |Info:    [ProfileManager] Profile loading: Succeeded for ENE DRAM @ I2C: /dev/i2c-0, address 0x71
5009  |Info:    [ProfileManager] Profile loading: Succeeded for ENE DRAM @ I2C: /dev/i2c-0, address 0x73
5009  |Info:    [ProfileManager] Profile loading: Succeeded for MSI B650 GAMING PLUS WIFI (MS-7E26) @ HID: /dev/hidraw7
13875 |Info:    [ProfileManager] Found file: lol.orp attempting to validate header
13875 |Info:    [ProfileManager] Valid v5 profile found for lol
