    OpenRGB v0.9+ (git1289)
    Commit: 49aafb263fb961fcb8f2e5402ae41cabfae04531 from 2025-04-11 18:15:04 -0500
    Launched: 20250412_150003
====================================================================================================

0     |Info:    [ProfileManager] Found file: lol.orp attempting to validate header
0     |Info:    [ProfileManager] Valid v4 profile found for lol
57    |Info:    [ResourceManager] Initializing HID interfaces: Success
57    |Info:    ------------------------------------------------------
57    |Info:    |               Start device detection               |
57    |Info:    ------------------------------------------------------
61    |Info:    ------------------------------------------------------
61    |Info:    |             Detecting I2C interfaces               |
61    |Info:    ------------------------------------------------------
61    |Info:    [ResourceManager] Registering I2C interface: /dev/i2c-3 Device 1002:747E Subsystem: 1DA2:F475
61    |Warning: [i2c_smbus_linux] Failed to read i2c device PCI device ID
61    |Info:    [ResourceManager] Registering I2C interface: /dev/i2c-10 Device 0000:0000 Subsystem: 0000:0000
61    |Info:    [ResourceManager] Registering I2C interface: /dev/i2c-1 Device 1022:790B Subsystem: 1462:7E26
61    |Warning: [i2c_smbus_linux] Failed to read i2c device PCI device ID
61    |Info:    [ResourceManager] Registering I2C interface: /dev/i2c-17 Device 0000:0000 Subsystem: 0000:0000
61    |Info:    [ResourceManager] Registering I2C interface: /dev/i2c-8 Device 1002:747E Subsystem: 1DA2:F475
61    |Warning: [i2c_smbus_linux] Failed to read i2c device PCI device ID
61    |Info:    [ResourceManager] Registering I2C interface: /dev/i2c-15 Device 0000:0000 Subsystem: 0000:0000
61    |Info:    [ResourceManager] Registering I2C interface: /dev/i2c-6 Device 1002:747E Subsystem: 1DA2:F475
61    |Info:    [ResourceManager] Registering I2C interface: /dev/i2c-13 Device 1002:164E Subsystem: 1462:7E26
61    |Info:    [ResourceManager] Registering I2C interface: /dev/i2c-4 Device 1002:747E Subsystem: 1DA2:F475
61    |Info:    [ResourceManager] Registering I2C interface: /dev/i2c-11 Device 1002:164E Subsystem: 1462:7E26
61    |Info:    [ResourceManager] Registering I2C interface: /dev/i2c-2 Device 1022:790B Subsystem: 1462:7E26
61    |Info:    [ResourceManager] Registering I2C interface: /dev/i2c-0 Device 1022:790B Subsystem: 1462:7E26
61    |Warning: [i2c_smbus_linux] Failed to read i2c device PCI device ID
61    |Info:    [ResourceManager] Registering I2C interface: /dev/i2c-9 Device 0000:0000 Subsystem: 0000:0000
61    |Warning: [i2c_smbus_linux] Failed to read i2c device PCI device ID
61    |Info:    [ResourceManager] Registering I2C interface: /dev/i2c-16 Device 0000:0000 Subsystem: 0000:0000
61    |Info:    [ResourceManager] Registering I2C interface: /dev/i2c-7 Device 1002:747E Subsystem: 1DA2:F475
61    |Info:    [ResourceManager] Registering I2C interface: /dev/i2c-14 Device 1002:164E Subsystem: 1462:7E26
62    |Info:    [ResourceManager] Registering I2C interface: /dev/i2c-5 Device 1002:747E Subsystem: 1DA2:F475
62    |Info:    [ResourceManager] Registering I2C interface: /dev/i2c-12 Device 1002:164E Subsystem: 1462:7E26
62    |Info:    ------------------------------------------------------
62    |Info:    |               Detecting I2C devices                |
62    |Info:    ------------------------------------------------------
424   |Info:    [ENE DRAM] Registering RGB controller
682   |Info:    [ENE DRAM] Registering RGB controller
1878  |Info:    ------------------------------------------------------
1878  |Info:    |            Detecting I2C DIMM modules              |
1878  |Info:    ------------------------------------------------------
2887  |Info:    [ResourceManager] Detected occupied slot 2, bus 2, type DDR5
3900  |Info:    [ResourceManager] Detected occupied slot 4, bus 2, type DDR5
3925  |Info:    [ResourceManager] Detected occupied slot 2, bus 10, type DDR5
3930  |Info:    [ResourceManager] Detected occupied slot 4, bus 10, type DDR5
3953  |Info:    [ResourceManager] Detected occupied slot 2, bus 11, type DDR5
3958  |Info:    [ResourceManager] Detected occupied slot 4, bus 11, type DDR5
3977  |Info:    ------------------------------------------------------
3977  |Info:    |               Detecting I2C PCI devices            |
3977  |Info:    ------------------------------------------------------
4023  |Info:    ------------------------------------------------------
4023  |Info:    |               Detecting HID devices                |
4023  |Info:    ------------------------------------------------------
4089  |Info:    [MSI B650 GAMING PLUS WIFI (MS-7E26)] Registering RGB controller
4089  |Info:    ------------------------------------------------------
4089  |Info:    |            Detecting libusb HID devices            |
4089  |Info:    ------------------------------------------------------
4096  |Info:    ------------------------------------------------------
4096  |Info:    |              Detecting other devices               |
4096  |Info:    ------------------------------------------------------
4103  |Info:    [ResourceManager] Calling Post-detection callbacks
4103  |Info:    ------------------------------------------------------
4103  |Info:    |                Detection completed                 |
4103  |Info:    ------------------------------------------------------
