    OpenRGB v0.9+ (git1289)
    Commit: 49aafb263fb961fcb8f2e5402ae41cabfae04531 from 2025-04-11 18:15:04 -0500
    Launched: 20250414_214350
====================================================================================================

0     |Info:    [ProfileManager] Found file: lol.orp attempting to validate header
0     |Info:    [ProfileManager] Valid v5 profile found for lol
56    |Info:    [ResourceManager] Initializing HID interfaces: Success
56    |Info:    ------------------------------------------------------
56    |Info:    |               Start device detection               |
56    |Info:    ------------------------------------------------------
61    |Info:    ------------------------------------------------------
61    |Info:    |             Detecting I2C interfaces               |
61    |Info:    ------------------------------------------------------
61    |Info:    [ResourceManager] Registering I2C interface: /dev/i2c-3 Device 1002:747E Subsystem: 1DA2:F475
61    |Warning: [i2c_smbus_linux] Failed to read i2c device PCI device ID
61    |Info:    [ResourceManager] Registering I2C interface: /dev/i2c-10 Device 0000:0000 Subsystem: 0000:0000
61    |Info:    [ResourceManager] Registering I2C interface: /dev/i2c-1 Device 1022:790B Subsystem: 1462:7E26
61    |Warning: [i2c_smbus_linux] Failed to read i2c device PCI device ID
61    |Info:    [ResourceManager] Registering I2C interface: /dev/i2c-17 Device 0000:0000 Subsystem: 0000:0000
61    |Info:    [ResourceManager] Registering I2C interface: /dev/i2c-8 Device 1002:747E Subsystem: 1DA2:F475
61    |Warning: [i2c_smbus_linux] Failed to read i2c device PCI device ID
61    |Info:    [ResourceManager] Registering I2C interface: /dev/i2c-15 Device 0000:0000 Subsystem: 0000:0000
61    |Info:    [ResourceManager] Registering I2C interface: /dev/i2c-6 Device 1002:747E Subsystem: 1DA2:F475
61    |Info:    [ResourceManager] Registering I2C interface: /dev/i2c-13 Device 1002:164E Subsystem: 1462:7E26
62    |Info:    [ResourceManager] Registering I2C interface: /dev/i2c-4 Device 1002:747E Subsystem: 1DA2:F475
62    |Info:    [ResourceManager] Registering I2C interface: /dev/i2c-11 Device 1002:164E Subsystem: 1462:7E26
62    |Info:    [ResourceManager] Registering I2C interface: /dev/i2c-2 Device 1022:790B Subsystem: 1462:7E26
62    |Info:    [ResourceManager] Registering I2C interface: /dev/i2c-0 Device 1022:790B Subsystem: 1462:7E26
62    |Warning: [i2c_smbus_linux] Failed to read i2c device PCI device ID
62    |Info:    [ResourceManager] Registering I2C interface: /dev/i2c-9 Device 0000:0000 Subsystem: 0000:0000
62    |Warning: [i2c_smbus_linux] Failed to read i2c device PCI device ID
62    |Info:    [ResourceManager] Registering I2C interface: /dev/i2c-16 Device 0000:0000 Subsystem: 0000:0000
62    |Info:    [ResourceManager] Registering I2C interface: /dev/i2c-7 Device 1002:747E Subsystem: 1DA2:F475
62    |Info:    [ResourceManager] Registering I2C interface: /dev/i2c-14 Device 1002:164E Subsystem: 1462:7E26
62    |Info:    [ResourceManager] Registering I2C interface: /dev/i2c-5 Device 1002:747E Subsystem: 1DA2:F475
62    |Info:    [ResourceManager] Registering I2C interface: /dev/i2c-12 Device 1002:164E Subsystem: 1462:7E26
62    |Info:    ------------------------------------------------------
62    |Info:    |               Detecting I2C devices                |
62    |Info:    ------------------------------------------------------
416   |Info:    [ENE DRAM] Registering RGB controller
683   |Info:    [ENE DRAM] Registering RGB controller
1882  |Info:    ------------------------------------------------------
1882  |Info:    |            Detecting I2C DIMM modules              |
1882  |Info:    ------------------------------------------------------
2909  |Info:    [ResourceManager] Detected occupied slot 2, bus 2, type DDR5
3936  |Info:    [ResourceManager] Detected occupied slot 4, bus 2, type DDR5
3961  |Info:    [ResourceManager] Detected occupied slot 2, bus 10, type DDR5
3965  |Info:    [ResourceManager] Detected occupied slot 4, bus 10, type DDR5
3989  |Info:    [ResourceManager] Detected occupied slot 2, bus 11, type DDR5
3993  |Info:    [ResourceManager] Detected occupied slot 4, bus 11, type DDR5
4013  |Info:    ------------------------------------------------------
4013  |Info:    |               Detecting I2C PCI devices            |
4013  |Info:    ------------------------------------------------------
4060  |Info:    ------------------------------------------------------
4060  |Info:    |               Detecting HID devices                |
4060  |Info:    ------------------------------------------------------
4128  |Info:    [MSI B650 GAMING PLUS WIFI (MS-7E26)] Registering RGB controller
4128  |Info:    ------------------------------------------------------
4128  |Info:    |            Detecting libusb HID devices            |
4128  |Info:    ------------------------------------------------------
4135  |Info:    ------------------------------------------------------
4135  |Info:    |              Detecting other devices               |
4135  |Info:    ------------------------------------------------------
4142  |Info:    [ResourceManager] Calling Post-detection callbacks
4142  |Info:    ------------------------------------------------------
4142  |Info:    |                Detection completed                 |
4142  |Info:    ------------------------------------------------------
4440  |Info:    [ProfileManager] Profile loading: Succeeded for ENE DRAM @ I2C: /dev/i2c-0, address 0x71
4440  |Info:    [ProfileManager] Profile loading: Succeeded for ENE DRAM @ I2C: /dev/i2c-0, address 0x73
4440  |Info:    [ProfileManager] Profile loading: Succeeded for MSI B650 GAMING PLUS WIFI (MS-7E26) @ HID: /dev/hidraw7
