    OpenRGB v0.9+ (git1289)
    Commit: 49aafb263fb961fcb8f2e5402ae41cabfae04531 from 2025-04-11 18:15:04 -0500
    Launched: 20250412_175617
====================================================================================================

0     |Info:    [ProfileManager] Found file: lol.orp attempting to validate header
0     |Info:    [ProfileManager] Valid v4 profile found for lol
57    |Info:    [ResourceManager] Initializing HID interfaces: Success
57    |Info:    ------------------------------------------------------
57    |Info:    |               Start device detection               |
57    |Info:    ------------------------------------------------------
61    |Info:    ------------------------------------------------------
61    |Info:    |             Detecting I2C interfaces               |
61    |Info:    ------------------------------------------------------
61    |Info:    [ResourceManager] Registering I2C interface: /dev/i2c-3 Device 1002:747E Subsystem: 1DA2:F475
61    |Warning: [i2c_smbus_linux] Failed to read i2c device PCI device ID
61    |Info:    [ResourceManager] Registering I2C interface: /dev/i2c-10 Device 0000:0000 Subsystem: 0000:0000
61    |Info:    [ResourceManager] Registering I2C interface: /dev/i2c-1 Device 1022:790B Subsystem: 1462:7E26
61    |Warning: [i2c_smbus_linux] Failed to read i2c device PCI device ID
61    |Info:    [ResourceManager] Registering I2C interface: /dev/i2c-17 Device 0000:0000 Subsystem: 0000:0000
61    |Info:    [ResourceManager] Registering I2C interface: /dev/i2c-8 Device 1002:747E Subsystem: 1DA2:F475
61    |Warning: [i2c_smbus_linux] Failed to read i2c device PCI device ID
61    |Info:    [ResourceManager] Registering I2C interface: /dev/i2c-15 Device 0000:0000 Subsystem: 0000:0000
61    |Info:    [ResourceManager] Registering I2C interface: /dev/i2c-6 Device 1002:747E Subsystem: 1DA2:F475
61    |Info:    [ResourceManager] Registering I2C interface: /dev/i2c-13 Device 1002:164E Subsystem: 1462:7E26
62    |Info:    [ResourceManager] Registering I2C interface: /dev/i2c-4 Device 1002:747E Subsystem: 1DA2:F475
62    |Info:    [ResourceManager] Registering I2C interface: /dev/i2c-11 Device 1002:164E Subsystem: 1462:7E26
62    |Info:    [ResourceManager] Registering I2C interface: /dev/i2c-2 Device 1022:790B Subsystem: 1462:7E26
62    |Info:    [ResourceManager] Registering I2C interface: /dev/i2c-0 Device 1022:790B Subsystem: 1462:7E26
62    |Warning: [i2c_smbus_linux] Failed to read i2c device PCI device ID
62    |Info:    [ResourceManager] Registering I2C interface: /dev/i2c-9 Device 0000:0000 Subsystem: 0000:0000
62    |Warning: [i2c_smbus_linux] Failed to read i2c device PCI device ID
62    |Info:    [ResourceManager] Registering I2C interface: /dev/i2c-16 Device 0000:0000 Subsystem: 0000:0000
62    |Info:    [ResourceManager] Registering I2C interface: /dev/i2c-7 Device 1002:747E Subsystem: 1DA2:F475
62    |Info:    [ResourceManager] Registering I2C interface: /dev/i2c-14 Device 1002:164E Subsystem: 1462:7E26
62    |Info:    [ResourceManager] Registering I2C interface: /dev/i2c-5 Device 1002:747E Subsystem: 1DA2:F475
62    |Info:    [ResourceManager] Registering I2C interface: /dev/i2c-12 Device 1002:164E Subsystem: 1462:7E26
62    |Info:    ------------------------------------------------------
62    |Info:    |               Detecting I2C devices                |
62    |Info:    ------------------------------------------------------
414   |Info:    [ENE DRAM] Registering RGB controller
677   |Info:    [ENE DRAM] Registering RGB controller
1876  |Info:    ------------------------------------------------------
1876  |Info:    |            Detecting I2C DIMM modules              |
1876  |Info:    ------------------------------------------------------
2887  |Info:    [ResourceManager] Detected occupied slot 2, bus 2, type DDR5
3906  |Info:    [ResourceManager] Detected occupied slot 4, bus 2, type DDR5
3931  |Info:    [ResourceManager] Detected occupied slot 2, bus 10, type DDR5
3935  |Info:    [ResourceManager] Detected occupied slot 4, bus 10, type DDR5
3959  |Info:    [ResourceManager] Detected occupied slot 2, bus 11, type DDR5
3964  |Info:    [ResourceManager] Detected occupied slot 4, bus 11, type DDR5
3983  |Info:    ------------------------------------------------------
3983  |Info:    |               Detecting I2C PCI devices            |
3983  |Info:    ------------------------------------------------------
4030  |Info:    ------------------------------------------------------
4030  |Info:    |               Detecting HID devices                |
4030  |Info:    ------------------------------------------------------
4096  |Info:    [MSI B650 GAMING PLUS WIFI (MS-7E26)] Registering RGB controller
4096  |Info:    ------------------------------------------------------
4096  |Info:    |            Detecting libusb HID devices            |
4096  |Info:    ------------------------------------------------------
4104  |Info:    ------------------------------------------------------
4104  |Info:    |              Detecting other devices               |
4104  |Info:    ------------------------------------------------------
4110  |Info:    [ResourceManager] Calling Post-detection callbacks
4110  |Info:    ------------------------------------------------------
4110  |Info:    |                Detection completed                 |
4110  |Info:    ------------------------------------------------------
8381  |Info:    [ProfileManager] Found file: lol.orp attempting to validate header
8381  |Info:    [ProfileManager] Valid v5 profile found for lol
10065 |Info:    [ProfileManager] Profile loading: Succeeded for ENE DRAM @ I2C: /dev/i2c-0, address 0x71
10065 |Info:    [ProfileManager] Profile loading: Succeeded for ENE DRAM @ I2C: /dev/i2c-0, address 0x73
10065 |Info:    [ProfileManager] Profile loading: Succeeded for MSI B650 GAMING PLUS WIFI (MS-7E26) @ HID: /dev/hidraw7
