    OpenRGB v0.9+ (git1289)
    Commit: 49aafb263fb961fcb8f2e5402ae41cabfae04531 from 2025-04-11 18:15:04 -0500
    Launched: 20250415_184032
====================================================================================================

0     |Info:    [ProfileManager] Found file: lol.orp attempting to validate header
0     |Info:    [ProfileManager] Valid v5 profile found for lol
57    |Info:    [ResourceManager] Initializing HID interfaces: Success
57    |Info:    ------------------------------------------------------
57    |Info:    |               Start device detection               |
57    |Info:    ------------------------------------------------------
61    |Info:    ------------------------------------------------------
61    |Info:    |             Detecting I2C interfaces               |
61    |Info:    ------------------------------------------------------
61    |Info:    [ResourceManager] Registering I2C interface: /dev/i2c-3 Device 1002:747E Subsystem: 1DA2:F475
61    |Warning: [i2c_smbus_linux] Failed to read i2c device PCI device ID
61    |Info:    [ResourceManager] Registering I2C interface: /dev/i2c-10 Device 0000:0000 Subsystem: 0000:0000
61    |Info:    [ResourceManager] Registering I2C interface: /dev/i2c-1 Device 1022:790B Subsystem: 1462:7E26
62    |Warning: [i2c_smbus_linux] Failed to read i2c device PCI device ID
62    |Info:    [ResourceManager] Registering I2C interface: /dev/i2c-17 Device 0000:0000 Subsystem: 0000:0000
62    |Info:    [ResourceManager] Registering I2C interface: /dev/i2c-8 Device 1002:747E Subsystem: 1DA2:F475
62    |Warning: [i2c_smbus_linux] Failed to read i2c device PCI device ID
62    |Info:    [ResourceManager] Registering I2C interface: /dev/i2c-15 Device 0000:0000 Subsystem: 0000:0000
62    |Info:    [ResourceManager] Registering I2C interface: /dev/i2c-6 Device 1002:747E Subsystem: 1DA2:F475
62    |Info:    [ResourceManager] Registering I2C interface: /dev/i2c-13 Device 1002:164E Subsystem: 1462:7E26
62    |Info:    [ResourceManager] Registering I2C interface: /dev/i2c-4 Device 1002:747E Subsystem: 1DA2:F475
62    |Info:    [ResourceManager] Registering I2C interface: /dev/i2c-11 Device 1002:164E Subsystem: 1462:7E26
62    |Info:    [ResourceManager] Registering I2C interface: /dev/i2c-2 Device 1022:790B Subsystem: 1462:7E26
62    |Info:    [ResourceManager] Registering I2C interface: /dev/i2c-0 Device 1022:790B Subsystem: 1462:7E26
62    |Warning: [i2c_smbus_linux] Failed to read i2c device PCI device ID
62    |Info:    [ResourceManager] Registering I2C interface: /dev/i2c-9 Device 0000:0000 Subsystem: 0000:0000
62    |Warning: [i2c_smbus_linux] Failed to read i2c device PCI device ID
62    |Info:    [ResourceManager] Registering I2C interface: /dev/i2c-16 Device 0000:0000 Subsystem: 0000:0000
62    |Info:    [ResourceManager] Registering I2C interface: /dev/i2c-7 Device 1002:747E Subsystem: 1DA2:F475
62    |Info:    [ResourceManager] Registering I2C interface: /dev/i2c-14 Device 1002:164E Subsystem: 1462:7E26
62    |Info:    [ResourceManager] Registering I2C interface: /dev/i2c-5 Device 1002:747E Subsystem: 1DA2:F475
62    |Info:    [ResourceManager] Registering I2C interface: /dev/i2c-12 Device 1002:164E Subsystem: 1462:7E26
62    |Info:    ------------------------------------------------------
62    |Info:    |               Detecting I2C devices                |
62    |Info:    ------------------------------------------------------
428   |Info:    [ENE DRAM] Registering RGB controller
695   |Info:    [ENE DRAM] Registering RGB controller
1894  |Info:    ------------------------------------------------------
1894  |Info:    |            Detecting I2C DIMM modules              |
1894  |Info:    ------------------------------------------------------
2916  |Info:    [ResourceManager] Detected occupied slot 2, bus 2, type DDR5
3928  |Info:    [ResourceManager] Detected occupied slot 4, bus 2, type DDR5
3953  |Info:    [ResourceManager] Detected occupied slot 2, bus 10, type DDR5
3957  |Info:    [ResourceManager] Detected occupied slot 4, bus 10, type DDR5
3981  |Info:    [ResourceManager] Detected occupied slot 2, bus 11, type DDR5
3986  |Info:    [ResourceManager] Detected occupied slot 4, bus 11, type DDR5
4005  |Info:    ------------------------------------------------------
4005  |Info:    |               Detecting I2C PCI devices            |
4005  |Info:    ------------------------------------------------------
4052  |Info:    ------------------------------------------------------
4052  |Info:    |               Detecting HID devices                |
4052  |Info:    ------------------------------------------------------
4120  |Info:    [MSI B650 GAMING PLUS WIFI (MS-7E26)] Registering RGB controller
4120  |Info:    ------------------------------------------------------
4120  |Info:    |            Detecting libusb HID devices            |
4120  |Info:    ------------------------------------------------------
4127  |Info:    ------------------------------------------------------
4127  |Info:    |              Detecting other devices               |
4127  |Info:    ------------------------------------------------------
4133  |Info:    [ResourceManager] Calling Post-detection callbacks
4133  |Info:    ------------------------------------------------------
4133  |Info:    |                Detection completed                 |
4133  |Info:    ------------------------------------------------------
5463  |Info:    [ProfileManager] Profile loading: Succeeded for ENE DRAM @ I2C: /dev/i2c-0, address 0x71
5463  |Info:    [ProfileManager] Profile loading: Succeeded for ENE DRAM @ I2C: /dev/i2c-0, address 0x73
5463  |Info:    [ProfileManager] Profile loading: Succeeded for MSI B650 GAMING PLUS WIFI (MS-7E26) @ HID: /dev/hidraw7
