    OpenRGB v0.9+ (git1289)
    Commit: 49aafb263fb961fcb8f2e5402ae41cabfae04531 from 2025-04-11 18:15:04 -0500
    Launched: 20250417_132731
====================================================================================================

0     |Info:    [ProfileManager] Found file: lol.orp attempting to validate header
0     |Info:    [ProfileManager] Valid v5 profile found for lol
0     |Info:    [ProfileManager] Found file: Turquesa\.orp attempting to validate header
0     |Info:    [ProfileManager] Valid v5 profile found for Turquesa\
0     |Info:    [ProfileManager] Found file: free.orp attempting to validate header
0     |Info:    [ProfileManager] Valid v5 profile found for free
52    |Info:    [ResourceManager] Initializing HID interfaces: Success
52    |Info:    ------------------------------------------------------
52    |Info:    |               Start device detection               |
52    |Info:    ------------------------------------------------------
56    |Info:    ------------------------------------------------------
56    |Info:    |             Detecting I2C interfaces               |
56    |Info:    ------------------------------------------------------
56    |Info:    [ResourceManager] Registering I2C interface: /dev/i2c-3 Device 1002:747E Subsystem: 1DA2:F475
56    |Warning: [i2c_smbus_linux] Failed to read i2c device PCI device ID
56    |Info:    [ResourceManager] Registering I2C interface: /dev/i2c-10 Device 0000:0000 Subsystem: 0000:0000
56    |Info:    [ResourceManager] Registering I2C interface: /dev/i2c-1 Device 1022:790B Subsystem: 1462:7E26
56    |Warning: [i2c_smbus_linux] Failed to read i2c device PCI device ID
56    |Info:    [ResourceManager] Registering I2C interface: /dev/i2c-17 Device 0000:0000 Subsystem: 0000:0000
56    |Info:    [ResourceManager] Registering I2C interface: /dev/i2c-8 Device 1002:747E Subsystem: 1DA2:F475
56    |Warning: [i2c_smbus_linux] Failed to read i2c device PCI device ID
56    |Info:    [ResourceManager] Registering I2C interface: /dev/i2c-15 Device 0000:0000 Subsystem: 0000:0000
56    |Info:    [ResourceManager] Registering I2C interface: /dev/i2c-6 Device 1002:747E Subsystem: 1DA2:F475
56    |Info:    [ResourceManager] Registering I2C interface: /dev/i2c-13 Device 1002:164E Subsystem: 1462:7E26
56    |Info:    [ResourceManager] Registering I2C interface: /dev/i2c-4 Device 1002:747E Subsystem: 1DA2:F475
56    |Info:    [ResourceManager] Registering I2C interface: /dev/i2c-11 Device 1002:164E Subsystem: 1462:7E26
56    |Info:    [ResourceManager] Registering I2C interface: /dev/i2c-2 Device 1022:790B Subsystem: 1462:7E26
56    |Info:    [ResourceManager] Registering I2C interface: /dev/i2c-0 Device 1022:790B Subsystem: 1462:7E26
57    |Warning: [i2c_smbus_linux] Failed to read i2c device PCI device ID
57    |Info:    [ResourceManager] Registering I2C interface: /dev/i2c-9 Device 0000:0000 Subsystem: 0000:0000
57    |Warning: [i2c_smbus_linux] Failed to read i2c device PCI device ID
57    |Info:    [ResourceManager] Registering I2C interface: /dev/i2c-16 Device 0000:0000 Subsystem: 0000:0000
57    |Info:    [ResourceManager] Registering I2C interface: /dev/i2c-7 Device 1002:747E Subsystem: 1DA2:F475
57    |Info:    [ResourceManager] Registering I2C interface: /dev/i2c-14 Device 1002:164E Subsystem: 1462:7E26
57    |Info:    [ResourceManager] Registering I2C interface: /dev/i2c-5 Device 1002:747E Subsystem: 1DA2:F475
57    |Info:    [ResourceManager] Registering I2C interface: /dev/i2c-12 Device 1002:164E Subsystem: 1462:7E26
57    |Info:    ------------------------------------------------------
57    |Info:    |               Detecting I2C devices                |
57    |Info:    ------------------------------------------------------
418   |Info:    [ENE DRAM] Registering RGB controller
675   |Info:    [ENE DRAM] Registering RGB controller
1872  |Info:    ------------------------------------------------------
1872  |Info:    |            Detecting I2C DIMM modules              |
1872  |Info:    ------------------------------------------------------
1877  |Info:    [ResourceManager] Detected occupied slot 2, bus 2, type DDR5
1882  |Info:    [ResourceManager] Detected occupied slot 4, bus 2, type DDR5
1907  |Info:    [ResourceManager] Detected occupied slot 2, bus 10, type DDR5
1911  |Info:    [ResourceManager] Detected occupied slot 4, bus 10, type DDR5
1936  |Info:    [ResourceManager] Detected occupied slot 2, bus 11, type DDR5
1941  |Info:    [ResourceManager] Detected occupied slot 4, bus 11, type DDR5
1961  |Info:    ------------------------------------------------------
1961  |Info:    |               Detecting I2C PCI devices            |
1961  |Info:    ------------------------------------------------------
2006  |Info:    ------------------------------------------------------
2006  |Info:    |               Detecting HID devices                |
2006  |Info:    ------------------------------------------------------
2071  |Info:    [MSI B650 GAMING PLUS WIFI (MS-7E26)] Registering RGB controller
2073  |Info:    ------------------------------------------------------
2073  |Info:    |            Detecting libusb HID devices            |
2073  |Info:    ------------------------------------------------------
2079  |Info:    ------------------------------------------------------
2079  |Info:    |              Detecting other devices               |
2079  |Info:    ------------------------------------------------------
2085  |Info:    [ResourceManager] Calling Post-detection callbacks
2085  |Info:    ------------------------------------------------------
2085  |Info:    |                Detection completed                 |
2085  |Info:    ------------------------------------------------------
9387  |Info:    [ResourceManager] Initializing HID interfaces: Success
9387  |Info:    ------------------------------------------------------
9387  |Info:    |               Start device detection               |
9387  |Info:    ------------------------------------------------------
9392  |Info:    ------------------------------------------------------
9392  |Info:    |             Detecting I2C interfaces               |
9392  |Info:    ------------------------------------------------------
9392  |Info:    [ResourceManager] Registering I2C interface: /dev/i2c-3 Device 1002:747E Subsystem: 1DA2:F475
9392  |Warning: [i2c_smbus_linux] Failed to read i2c device PCI device ID
9392  |Info:    [ResourceManager] Registering I2C interface: /dev/i2c-10 Device 0000:0000 Subsystem: 0000:0000
9392  |Info:    [ResourceManager] Registering I2C interface: /dev/i2c-1 Device 1022:790B Subsystem: 1462:7E26
9392  |Warning: [i2c_smbus_linux] Failed to read i2c device PCI device ID
9392  |Info:    [ResourceManager] Registering I2C interface: /dev/i2c-17 Device 0000:0000 Subsystem: 0000:0000
9392  |Info:    [ResourceManager] Registering I2C interface: /dev/i2c-8 Device 1002:747E Subsystem: 1DA2:F475
9392  |Warning: [i2c_smbus_linux] Failed to read i2c device PCI device ID
9392  |Info:    [ResourceManager] Registering I2C interface: /dev/i2c-15 Device 0000:0000 Subsystem: 0000:0000
9392  |Info:    [ResourceManager] Registering I2C interface: /dev/i2c-6 Device 1002:747E Subsystem: 1DA2:F475
9392  |Info:    [ResourceManager] Registering I2C interface: /dev/i2c-13 Device 1002:164E Subsystem: 1462:7E26
9392  |Info:    [ResourceManager] Registering I2C interface: /dev/i2c-4 Device 1002:747E Subsystem: 1DA2:F475
9392  |Info:    [ResourceManager] Registering I2C interface: /dev/i2c-11 Device 1002:164E Subsystem: 1462:7E26
9392  |Info:    [ResourceManager] Registering I2C interface: /dev/i2c-2 Device 1022:790B Subsystem: 1462:7E26
9393  |Info:    [ResourceManager] Registering I2C interface: /dev/i2c-0 Device 1022:790B Subsystem: 1462:7E26
9393  |Warning: [i2c_smbus_linux] Failed to read i2c device PCI device ID
9393  |Info:    [ResourceManager] Registering I2C interface: /dev/i2c-9 Device 0000:0000 Subsystem: 0000:0000
9393  |Warning: [i2c_smbus_linux] Failed to read i2c device PCI device ID
9393  |Info:    [ResourceManager] Registering I2C interface: /dev/i2c-16 Device 0000:0000 Subsystem: 0000:0000
9393  |Info:    [ResourceManager] Registering I2C interface: /dev/i2c-7 Device 1002:747E Subsystem: 1DA2:F475
9393  |Info:    [ResourceManager] Registering I2C interface: /dev/i2c-14 Device 1002:164E Subsystem: 1462:7E26
9393  |Info:    [ResourceManager] Registering I2C interface: /dev/i2c-5 Device 1002:747E Subsystem: 1DA2:F475
9393  |Info:    [ResourceManager] Registering I2C interface: /dev/i2c-12 Device 1002:164E Subsystem: 1462:7E26
9393  |Info:    ------------------------------------------------------
9393  |Info:    |               Detecting I2C devices                |
9393  |Info:    ------------------------------------------------------
9763  |Info:    [ENE DRAM] Registering RGB controller
10030 |Info:    [ENE DRAM] Registering RGB controller
11229 |Info:    ------------------------------------------------------
11229 |Info:    |            Detecting I2C DIMM modules              |
11229 |Info:    ------------------------------------------------------
11235 |Info:    [ResourceManager] Detected occupied slot 2, bus 2, type DDR5
11240 |Info:    [ResourceManager] Detected occupied slot 4, bus 2, type DDR5
11264 |Info:    [ResourceManager] Detected occupied slot 2, bus 10, type DDR5
11268 |Info:    [ResourceManager] Detected occupied slot 4, bus 10, type DDR5
11293 |Info:    [ResourceManager] Detected occupied slot 2, bus 11, type DDR5
11298 |Info:    [ResourceManager] Detected occupied slot 4, bus 11, type DDR5
11317 |Info:    ------------------------------------------------------
11317 |Info:    |               Detecting I2C PCI devices            |
11317 |Info:    ------------------------------------------------------
11361 |Info:    ------------------------------------------------------
11361 |Info:    |               Detecting HID devices                |
11361 |Info:    ------------------------------------------------------
11427 |Info:    [MSI B650 GAMING PLUS WIFI (MS-7E26)] Registering RGB controller
11428 |Info:    ------------------------------------------------------
11428 |Info:    |            Detecting libusb HID devices            |
11428 |Info:    ------------------------------------------------------
11430 |Info:    ------------------------------------------------------
11430 |Info:    |              Detecting other devices               |
11430 |Info:    ------------------------------------------------------
11432 |Info:    [ResourceManager] Calling Post-detection callbacks
11432 |Info:    ------------------------------------------------------
11432 |Info:    |                Detection completed                 |
11432 |Info:    ------------------------------------------------------
