    OpenRGB v0.9
    Commit:  from 
    Launched: 20250411_180936
====================================================================================================

1001  |Info:    Saving detector settings
1002  |Info:    ------------------------------------------------------
1002  |Info:    |               Start device detection               |
1002  |Info:    ------------------------------------------------------
1002  |Info:    Initializing HID interfaces: Success
1006  |Info:    ------------------------------------------------------
1006  |Info:    |             Detecting I2C interfaces               |
1006  |Info:    ------------------------------------------------------
1006  |Info:    Registering I2C interface: /dev/i2c-3 Device 1002:747E Subsystem: 1DA2:F475
1006  |Warning: [i2c_smbus_linux] Failed to read i2c device PCI device ID
1006  |Info:    Registering I2C interface: /dev/i2c-10 Device 0000:0000 Subsystem: 0000:0000
1006  |Info:    Registering I2C interface: /dev/i2c-1 Device 1022:790B Subsystem: 1462:7E26
1006  |Warning: [i2c_smbus_linux] Failed to read i2c device PCI device ID
1006  |Info:    Registering I2C interface: /dev/i2c-17 Device 0000:0000 Subsystem: 0000:0000
1006  |Info:    Registering I2C interface: /dev/i2c-8 Device 1002:747E Subsystem: 1DA2:F475
1006  |Warning: [i2c_smbus_linux] Failed to read i2c device PCI device ID
1007  |Info:    Registering I2C interface: /dev/i2c-15 Device 0000:0000 Subsystem: 0000:0000
1007  |Info:    Registering I2C interface: /dev/i2c-6 Device 1002:747E Subsystem: 1DA2:F475
1007  |Info:    Registering I2C interface: /dev/i2c-13 Device 1002:164E Subsystem: 1462:7E26
1007  |Info:    Registering I2C interface: /dev/i2c-4 Device 1002:747E Subsystem: 1DA2:F475
1007  |Info:    Registering I2C interface: /dev/i2c-11 Device 1002:164E Subsystem: 1462:7E26
1007  |Info:    Registering I2C interface: /dev/i2c-2 Device 1022:790B Subsystem: 1462:7E26
1007  |Info:    Registering I2C interface: /dev/i2c-0 Device 1022:790B Subsystem: 1462:7E26
1007  |Warning: [i2c_smbus_linux] Failed to read i2c device PCI device ID
1007  |Info:    Registering I2C interface: /dev/i2c-9 Device 0000:0000 Subsystem: 0000:0000
1007  |Warning: [i2c_smbus_linux] Failed to read i2c device PCI device ID
1007  |Info:    Registering I2C interface: /dev/i2c-16 Device 0000:0000 Subsystem: 0000:0000
1007  |Info:    Registering I2C interface: /dev/i2c-7 Device 1002:747E Subsystem: 1DA2:F475
1007  |Info:    Registering I2C interface: /dev/i2c-14 Device 1002:164E Subsystem: 1462:7E26
1007  |Info:    Registering I2C interface: /dev/i2c-5 Device 1002:747E Subsystem: 1DA2:F475
1007  |Info:    Registering I2C interface: /dev/i2c-12 Device 1002:164E Subsystem: 1462:7E26
1007  |Info:    ------------------------------------------------------
1007  |Info:    |               Detecting I2C devices                |
1007  |Info:    ------------------------------------------------------
1379  |Info:    [ENE DRAM] Registering RGB controller
1621  |Info:    [ENE DRAM] Registering RGB controller
2820  |Info:    ------------------------------------------------------
2820  |Info:    |               Detecting I2C PCI devices            |
2820  |Info:    ------------------------------------------------------
2820  |Info:    ------------------------------------------------------
2820  |Info:    |               Detecting HID devices                |
2820  |Info:    ------------------------------------------------------
2820  |Info:    ------------------------------------------------------
2820  |Info:    |            Detecting libusb HID devices            |
2820  |Info:    ------------------------------------------------------
2825  |Info:    ------------------------------------------------------
2825  |Info:    |              Detecting other devices               |
2825  |Info:    ------------------------------------------------------
2831  |Info:    ------------------------------------------------------
2831  |Info:    |                Detection completed                 |
2831  |Info:    ------------------------------------------------------
8965  |Info:    ------------------------------------------------------
8965  |Info:    |               Start device detection               |
8965  |Info:    ------------------------------------------------------
8965  |Info:    Initializing HID interfaces: Success
8969  |Info:    ------------------------------------------------------
8969  |Info:    |             Detecting I2C interfaces               |
8969  |Info:    ------------------------------------------------------
8969  |Info:    Registering I2C interface: /dev/i2c-3 Device 1002:747E Subsystem: 1DA2:F475
8969  |Warning: [i2c_smbus_linux] Failed to read i2c device PCI device ID
8969  |Info:    Registering I2C interface: /dev/i2c-10 Device 0000:0000 Subsystem: 0000:0000
8969  |Info:    Registering I2C interface: /dev/i2c-1 Device 1022:790B Subsystem: 1462:7E26
8969  |Warning: [i2c_smbus_linux] Failed to read i2c device PCI device ID
8969  |Info:    Registering I2C interface: /dev/i2c-17 Device 0000:0000 Subsystem: 0000:0000
8969  |Info:    Registering I2C interface: /dev/i2c-8 Device 1002:747E Subsystem: 1DA2:F475
8969  |Warning: [i2c_smbus_linux] Failed to read i2c device PCI device ID
8969  |Info:    Registering I2C interface: /dev/i2c-15 Device 0000:0000 Subsystem: 0000:0000
8969  |Info:    Registering I2C interface: /dev/i2c-6 Device 1002:747E Subsystem: 1DA2:F475
8969  |Info:    Registering I2C interface: /dev/i2c-13 Device 1002:164E Subsystem: 1462:7E26
8969  |Info:    Registering I2C interface: /dev/i2c-4 Device 1002:747E Subsystem: 1DA2:F475
8969  |Info:    Registering I2C interface: /dev/i2c-11 Device 1002:164E Subsystem: 1462:7E26
8969  |Info:    Registering I2C interface: /dev/i2c-2 Device 1022:790B Subsystem: 1462:7E26
8970  |Info:    Registering I2C interface: /dev/i2c-0 Device 1022:790B Subsystem: 1462:7E26
8970  |Warning: [i2c_smbus_linux] Failed to read i2c device PCI device ID
8970  |Info:    Registering I2C interface: /dev/i2c-9 Device 0000:0000 Subsystem: 0000:0000
8970  |Warning: [i2c_smbus_linux] Failed to read i2c device PCI device ID
8970  |Info:    Registering I2C interface: /dev/i2c-16 Device 0000:0000 Subsystem: 0000:0000
8970  |Info:    Registering I2C interface: /dev/i2c-7 Device 1002:747E Subsystem: 1DA2:F475
8970  |Info:    Registering I2C interface: /dev/i2c-14 Device 1002:164E Subsystem: 1462:7E26
8970  |Info:    Registering I2C interface: /dev/i2c-5 Device 1002:747E Subsystem: 1DA2:F475
8970  |Info:    Registering I2C interface: /dev/i2c-12 Device 1002:164E Subsystem: 1462:7E26
8970  |Info:    ------------------------------------------------------
8970  |Info:    |               Detecting I2C devices                |
8970  |Info:    ------------------------------------------------------
9346  |Info:    [ENE DRAM] Registering RGB controller
9608  |Info:    [ENE DRAM] Registering RGB controller
10805 |Info:    ------------------------------------------------------
10805 |Info:    |               Detecting I2C PCI devices            |
10805 |Info:    ------------------------------------------------------
10806 |Info:    ------------------------------------------------------
10806 |Info:    |               Detecting HID devices                |
10806 |Info:    ------------------------------------------------------
10806 |Info:    ------------------------------------------------------
10806 |Info:    |            Detecting libusb HID devices            |
10806 |Info:    ------------------------------------------------------
10806 |Info:    ------------------------------------------------------
10806 |Info:    |              Detecting other devices               |
10806 |Info:    ------------------------------------------------------
10807 |Info:    ------------------------------------------------------
10807 |Info:    |                Detection completed                 |
10807 |Info:    ------------------------------------------------------
38880 |Info:    Profile loading: FAILED! for ENE DRAM @ I2C: /dev/i2c-0, address 0x71
38880 |Info:    Profile loading: FAILED! for ENE DRAM @ I2C: /dev/i2c-0, address 0x73
51541 |Info:    Profile loading: FAILED! for ENE DRAM @ I2C: /dev/i2c-0, address 0x71
51541 |Info:    Profile loading: FAILED! for ENE DRAM @ I2C: /dev/i2c-0, address 0x73
399111|Info:    Found file: lol.orp attempting to validate header
399111|Info:    Valid v4 profile found for lol
400549|Info:    Profile loading: Succeeded for ENE DRAM @ I2C: /dev/i2c-0, address 0x71
400549|Info:    Profile loading: Succeeded for ENE DRAM @ I2C: /dev/i2c-0, address 0x73
401971|Info:    Profile loading: Succeeded for ENE DRAM @ I2C: /dev/i2c-0, address 0x71
401971|Info:    Profile loading: Succeeded for ENE DRAM @ I2C: /dev/i2c-0, address 0x73
402315|Info:    Profile loading: Succeeded for ENE DRAM @ I2C: /dev/i2c-0, address 0x71
402315|Info:    Profile loading: Succeeded for ENE DRAM @ I2C: /dev/i2c-0, address 0x73
402528|Info:    Profile loading: Succeeded for ENE DRAM @ I2C: /dev/i2c-0, address 0x71
402528|Info:    Profile loading: Succeeded for ENE DRAM @ I2C: /dev/i2c-0, address 0x73
402731|Info:    Profile loading: Succeeded for ENE DRAM @ I2C: /dev/i2c-0, address 0x71
402731|Info:    Profile loading: Succeeded for ENE DRAM @ I2C: /dev/i2c-0, address 0x73
402912|Info:    Profile loading: Succeeded for ENE DRAM @ I2C: /dev/i2c-0, address 0x71
402912|Info:    Profile loading: Succeeded for ENE DRAM @ I2C: /dev/i2c-0, address 0x73
