    OpenRGB v0.9+ (git1289)
    Commit: 49aafb263fb961fcb8f2e5402ae41cabfae04531 from 2025-04-11 18:15:04 -0500
    Launched: 20250416_190911
====================================================================================================

0     |Info:    [ProfileManager] Found file: lol.orp attempting to validate header
0     |Info:    [ProfileManager] Valid v5 profile found for lol
0     |Info:    [ProfileManager] Found file: free.orp attempting to validate header
0     |Info:    [ProfileManager] Valid v5 profile found for free
52    |Info:    [ResourceManager] Initializing HID interfaces: Success
52    |Info:    ------------------------------------------------------
52    |Info:    |               Start device detection               |
52    |Info:    ------------------------------------------------------
56    |Info:    ------------------------------------------------------
56    |Info:    |             Detecting I2C interfaces               |
56    |Info:    ------------------------------------------------------
56    |Info:    [ResourceManager] Registering I2C interface: /dev/i2c-3 Device 1002:747E Subsystem: 1DA2:F475
56    |Warning: [i2c_smbus_linux] Failed to read i2c device PCI device ID
56    |Info:    [ResourceManager] Registering I2C interface: /dev/i2c-10 Device 0000:0000 Subsystem: 0000:0000
56    |Info:    [ResourceManager] Registering I2C interface: /dev/i2c-1 Device 1022:790B Subsystem: 1462:7E26
56    |Warning: [i2c_smbus_linux] Failed to read i2c device PCI device ID
56    |Info:    [ResourceManager] Registering I2C interface: /dev/i2c-17 Device 0000:0000 Subsystem: 0000:0000
56    |Info:    [ResourceManager] Registering I2C interface: /dev/i2c-8 Device 1002:747E Subsystem: 1DA2:F475
56    |Warning: [i2c_smbus_linux] Failed to read i2c device PCI device ID
56    |Info:    [ResourceManager] Registering I2C interface: /dev/i2c-15 Device 0000:0000 Subsystem: 0000:0000
56    |Info:    [ResourceManager] Registering I2C interface: /dev/i2c-6 Device 1002:747E Subsystem: 1DA2:F475
56    |Info:    [ResourceManager] Registering I2C interface: /dev/i2c-13 Device 1002:164E Subsystem: 1462:7E26
56    |Info:    [ResourceManager] Registering I2C interface: /dev/i2c-4 Device 1002:747E Subsystem: 1DA2:F475
56    |Info:    [ResourceManager] Registering I2C interface: /dev/i2c-11 Device 1002:164E Subsystem: 1462:7E26
56    |Info:    [ResourceManager] Registering I2C interface: /dev/i2c-2 Device 1022:790B Subsystem: 1462:7E26
57    |Info:    [ResourceManager] Registering I2C interface: /dev/i2c-0 Device 1022:790B Subsystem: 1462:7E26
57    |Warning: [i2c_smbus_linux] Failed to read i2c device PCI device ID
57    |Info:    [ResourceManager] Registering I2C interface: /dev/i2c-9 Device 0000:0000 Subsystem: 0000:0000
57    |Warning: [i2c_smbus_linux] Failed to read i2c device PCI device ID
57    |Info:    [ResourceManager] Registering I2C interface: /dev/i2c-16 Device 0000:0000 Subsystem: 0000:0000
57    |Info:    [ResourceManager] Registering I2C interface: /dev/i2c-7 Device 1002:747E Subsystem: 1DA2:F475
57    |Info:    [ResourceManager] Registering I2C interface: /dev/i2c-14 Device 1002:164E Subsystem: 1462:7E26
57    |Info:    [ResourceManager] Registering I2C interface: /dev/i2c-5 Device 1002:747E Subsystem: 1DA2:F475
57    |Info:    [ResourceManager] Registering I2C interface: /dev/i2c-12 Device 1002:164E Subsystem: 1462:7E26
57    |Info:    ------------------------------------------------------
57    |Info:    |               Detecting I2C devices                |
57    |Info:    ------------------------------------------------------
425   |Info:    [ENE DRAM] Registering RGB controller
687   |Info:    [ENE DRAM] Registering RGB controller
1886  |Info:    ------------------------------------------------------
1886  |Info:    |            Detecting I2C DIMM modules              |
1886  |Info:    ------------------------------------------------------
1892  |Info:    [ResourceManager] Detected occupied slot 2, bus 2, type DDR5
1897  |Info:    [ResourceManager] Detected occupied slot 4, bus 2, type DDR5
1921  |Info:    [ResourceManager] Detected occupied slot 2, bus 10, type DDR5
1926  |Info:    [ResourceManager] Detected occupied slot 4, bus 10, type DDR5
1949  |Info:    [ResourceManager] Detected occupied slot 2, bus 11, type DDR5
1954  |Info:    [ResourceManager] Detected occupied slot 4, bus 11, type DDR5
1974  |Info:    ------------------------------------------------------
1974  |Info:    |               Detecting I2C PCI devices            |
1974  |Info:    ------------------------------------------------------
2019  |Info:    ------------------------------------------------------
2019  |Info:    |               Detecting HID devices                |
2019  |Info:    ------------------------------------------------------
2084  |Info:    [MSI B650 GAMING PLUS WIFI (MS-7E26)] Registering RGB controller
2085  |Info:    ------------------------------------------------------
2085  |Info:    |            Detecting libusb HID devices            |
2085  |Info:    ------------------------------------------------------
2092  |Info:    ------------------------------------------------------
2092  |Info:    |              Detecting other devices               |
2092  |Info:    ------------------------------------------------------
2097  |Info:    [ResourceManager] Calling Post-detection callbacks
2097  |Info:    ------------------------------------------------------
2097  |Info:    |                Detection completed                 |
2097  |Info:    ------------------------------------------------------
