    OpenRGB v0.9+ (git1290)
    Commit: 45af044cd84032b9a9b5865cb5e12aa2cd98c47e from 2025-04-13 13:42:14 -0500
    Launched: 20250417_202807
====================================================================================================

0     |Info:    [ProfileManager] Found file: lol.orp attempting to validate header
0     |Info:    [ProfileManager] Valid v5 profile found for lol
0     |Info:    [ProfileManager] Found file: Rojo.orp attempting to validate header
0     |Info:    [ProfileManager] Valid v5 profile found for Rojo
0     |Info:    [ProfileManager] Found file: Turquesa\.orp attempting to validate header
0     |Info:    [ProfileManager] Valid v5 profile found for Turquesa\
0     |Info:    [ProfileManager] Found file: free.orp attempting to validate header
0     |Info:    [ProfileManager] Valid v5 profile found for free
52    |Info:    [ResourceManager] Initializing HID interfaces: Success
52    |Info:    ------------------------------------------------------
52    |Info:    |               Start device detection               |
52    |Info:    ------------------------------------------------------
56    |Info:    ------------------------------------------------------
56    |Info:    |             Detecting I2C interfaces               |
56    |Info:    ------------------------------------------------------
56    |Info:    [ResourceManager] Registering I2C interface: /dev/i2c-3 Device 1002:747E Subsystem: 1DA2:F475
56    |Warning: [i2c_smbus_linux] Failed to read i2c device PCI device ID
56    |Info:    [ResourceManager] Registering I2C interface: /dev/i2c-10 Device 0000:0000 Subsystem: 0000:0000
56    |Info:    [ResourceManager] Registering I2C interface: /dev/i2c-1 Device 1022:790B Subsystem: 1462:7E26
56    |Warning: [i2c_smbus_linux] Failed to read i2c device PCI device ID
56    |Info:    [ResourceManager] Registering I2C interface: /dev/i2c-17 Device 0000:0000 Subsystem: 0000:0000
56    |Info:    [ResourceManager] Registering I2C interface: /dev/i2c-8 Device 1002:747E Subsystem: 1DA2:F475
56    |Warning: [i2c_smbus_linux] Failed to read i2c device PCI device ID
56    |Info:    [ResourceManager] Registering I2C interface: /dev/i2c-15 Device 0000:0000 Subsystem: 0000:0000
56    |Info:    [ResourceManager] Registering I2C interface: /dev/i2c-6 Device 1002:747E Subsystem: 1DA2:F475
56    |Info:    [ResourceManager] Registering I2C interface: /dev/i2c-13 Device 1002:164E Subsystem: 1462:7E26
57    |Info:    [ResourceManager] Registering I2C interface: /dev/i2c-4 Device 1002:747E Subsystem: 1DA2:F475
57    |Info:    [ResourceManager] Registering I2C interface: /dev/i2c-11 Device 1002:164E Subsystem: 1462:7E26
57    |Info:    [ResourceManager] Registering I2C interface: /dev/i2c-2 Device 1022:790B Subsystem: 1462:7E26
57    |Info:    [ResourceManager] Registering I2C interface: /dev/i2c-0 Device 1022:790B Subsystem: 1462:7E26
57    |Warning: [i2c_smbus_linux] Failed to read i2c device PCI device ID
57    |Info:    [ResourceManager] Registering I2C interface: /dev/i2c-9 Device 0000:0000 Subsystem: 0000:0000
57    |Warning: [i2c_smbus_linux] Failed to read i2c device PCI device ID
57    |Info:    [ResourceManager] Registering I2C interface: /dev/i2c-16 Device 0000:0000 Subsystem: 0000:0000
57    |Info:    [ResourceManager] Registering I2C interface: /dev/i2c-7 Device 1002:747E Subsystem: 1DA2:F475
57    |Info:    [ResourceManager] Registering I2C interface: /dev/i2c-14 Device 1002:164E Subsystem: 1462:7E26
57    |Info:    [ResourceManager] Registering I2C interface: /dev/i2c-5 Device 1002:747E Subsystem: 1DA2:F475
57    |Info:    [ResourceManager] Registering I2C interface: /dev/i2c-12 Device 1002:164E Subsystem: 1462:7E26
57    |Info:    ------------------------------------------------------
57    |Info:    |               Detecting I2C devices                |
57    |Info:    ------------------------------------------------------
426   |Info:    [ENE DRAM] Registering RGB controller
689   |Info:    [ENE DRAM] Registering RGB controller
1895  |Info:    ------------------------------------------------------
1895  |Info:    |            Detecting I2C DIMM modules              |
1895  |Info:    ------------------------------------------------------
1902  |Info:    [ResourceManager] Detected occupied slot 2, bus 2, type DDR5
1907  |Info:    [ResourceManager] Detected occupied slot 4, bus 2, type DDR5
1931  |Info:    [ResourceManager] Detected occupied slot 2, bus 10, type DDR5
1935  |Info:    [ResourceManager] Detected occupied slot 4, bus 10, type DDR5
1960  |Info:    [ResourceManager] Detected occupied slot 2, bus 11, type DDR5
1965  |Info:    [ResourceManager] Detected occupied slot 4, bus 11, type DDR5
1984  |Info:    ------------------------------------------------------
1984  |Info:    |               Detecting I2C PCI devices            |
1984  |Info:    ------------------------------------------------------
2028  |Info:    ------------------------------------------------------
2028  |Info:    |               Detecting HID devices                |
2028  |Info:    ------------------------------------------------------
2094  |Info:    [MSI B650 GAMING PLUS WIFI (MS-7E26)] Registering RGB controller
2096  |Info:    ------------------------------------------------------
2096  |Info:    |            Detecting libusb HID devices            |
2096  |Info:    ------------------------------------------------------
2103  |Info:    ------------------------------------------------------
2103  |Info:    |              Detecting other devices               |
2103  |Info:    ------------------------------------------------------
2108  |Info:    [ResourceManager] Calling Post-detection callbacks
2108  |Info:    ------------------------------------------------------
2108  |Info:    |                Detection completed                 |
2108  |Info:    ------------------------------------------------------
39073 |Info:    [ProfileManager] Found file: lol.orp attempting to validate header
39073 |Info:    [ProfileManager] Valid v5 profile found for lol
39073 |Info:    [ProfileManager] Found file: blanco.orp attempting to validate header
39073 |Info:    [ProfileManager] Valid v5 profile found for blanco
39073 |Info:    [ProfileManager] Found file: Rojo.orp attempting to validate header
39073 |Info:    [ProfileManager] Valid v5 profile found for Rojo
39073 |Info:    [ProfileManager] Found file: Turquesa\.orp attempting to validate header
39073 |Info:    [ProfileManager] Valid v5 profile found for Turquesa\
39073 |Info:    [ProfileManager] Found file: free.orp attempting to validate header
39073 |Info:    [ProfileManager] Valid v5 profile found for free
50909 |Info:    [ResourceManager] Initializing HID interfaces: Success
50909 |Info:    ------------------------------------------------------
50909 |Info:    |               Start device detection               |
50909 |Info:    ------------------------------------------------------
50912 |Info:    ------------------------------------------------------
50912 |Info:    |             Detecting I2C interfaces               |
50913 |Info:    ------------------------------------------------------
50913 |Info:    [ResourceManager] Registering I2C interface: /dev/i2c-3 Device 1002:747E Subsystem: 1DA2:F475
50913 |Warning: [i2c_smbus_linux] Failed to read i2c device PCI device ID
50913 |Info:    [ResourceManager] Registering I2C interface: /dev/i2c-10 Device 0000:0000 Subsystem: 0000:0000
50913 |Info:    [ResourceManager] Registering I2C interface: /dev/i2c-1 Device 1022:790B Subsystem: 1462:7E26
50913 |Warning: [i2c_smbus_linux] Failed to read i2c device PCI device ID
50913 |Info:    [ResourceManager] Registering I2C interface: /dev/i2c-17 Device 0000:0000 Subsystem: 0000:0000
50913 |Info:    [ResourceManager] Registering I2C interface: /dev/i2c-8 Device 1002:747E Subsystem: 1DA2:F475
50913 |Warning: [i2c_smbus_linux] Failed to read i2c device PCI device ID
50913 |Info:    [ResourceManager] Registering I2C interface: /dev/i2c-15 Device 0000:0000 Subsystem: 0000:0000
50913 |Info:    [ResourceManager] Registering I2C interface: /dev/i2c-6 Device 1002:747E Subsystem: 1DA2:F475
50913 |Info:    [ResourceManager] Registering I2C interface: /dev/i2c-13 Device 1002:164E Subsystem: 1462:7E26
50913 |Info:    [ResourceManager] Registering I2C interface: /dev/i2c-4 Device 1002:747E Subsystem: 1DA2:F475
50913 |Info:    [ResourceManager] Registering I2C interface: /dev/i2c-11 Device 1002:164E Subsystem: 1462:7E26
50913 |Info:    [ResourceManager] Registering I2C interface: /dev/i2c-2 Device 1022:790B Subsystem: 1462:7E26
50913 |Info:    [ResourceManager] Registering I2C interface: /dev/i2c-0 Device 1022:790B Subsystem: 1462:7E26
50913 |Warning: [i2c_smbus_linux] Failed to read i2c device PCI device ID
50913 |Info:    [ResourceManager] Registering I2C interface: /dev/i2c-9 Device 0000:0000 Subsystem: 0000:0000
50913 |Warning: [i2c_smbus_linux] Failed to read i2c device PCI device ID
50913 |Info:    [ResourceManager] Registering I2C interface: /dev/i2c-16 Device 0000:0000 Subsystem: 0000:0000
50913 |Info:    [ResourceManager] Registering I2C interface: /dev/i2c-7 Device 1002:747E Subsystem: 1DA2:F475
50913 |Info:    [ResourceManager] Registering I2C interface: /dev/i2c-14 Device 1002:164E Subsystem: 1462:7E26
50913 |Info:    [ResourceManager] Registering I2C interface: /dev/i2c-5 Device 1002:747E Subsystem: 1DA2:F475
50914 |Info:    [ResourceManager] Registering I2C interface: /dev/i2c-12 Device 1002:164E Subsystem: 1462:7E26
50914 |Info:    ------------------------------------------------------
50914 |Info:    |               Detecting I2C devices                |
50914 |Info:    ------------------------------------------------------
51276 |Info:    [ENE DRAM] Registering RGB controller
51541 |Info:    [ENE DRAM] Registering RGB controller
52741 |Info:    ------------------------------------------------------
52741 |Info:    |            Detecting I2C DIMM modules              |
52741 |Info:    ------------------------------------------------------
52748 |Info:    [ResourceManager] Detected occupied slot 2, bus 2, type DDR5
52753 |Info:    [ResourceManager] Detected occupied slot 4, bus 2, type DDR5
52777 |Info:    [ResourceManager] Detected occupied slot 2, bus 10, type DDR5
52781 |Info:    [ResourceManager] Detected occupied slot 4, bus 10, type DDR5
52806 |Info:    [ResourceManager] Detected occupied slot 2, bus 11, type DDR5
52811 |Info:    [ResourceManager] Detected occupied slot 4, bus 11, type DDR5
52831 |Info:    ------------------------------------------------------
52831 |Info:    |               Detecting I2C PCI devices            |
52831 |Info:    ------------------------------------------------------
52878 |Info:    ------------------------------------------------------
52878 |Info:    |               Detecting HID devices                |
52878 |Info:    ------------------------------------------------------
52946 |Info:    [MSI B650 GAMING PLUS WIFI (MS-7E26)] Registering RGB controller
52947 |Info:    ------------------------------------------------------
52947 |Info:    |            Detecting libusb HID devices            |
52947 |Info:    ------------------------------------------------------
52949 |Info:    ------------------------------------------------------
52949 |Info:    |              Detecting other devices               |
52949 |Info:    ------------------------------------------------------
52950 |Info:    [ResourceManager] Calling Post-detection callbacks
52950 |Info:    ------------------------------------------------------
52950 |Info:    |                Detection completed                 |
52950 |Info:    ------------------------------------------------------
