    OpenRGB v0.9+ (git1289)
    Commit: 49aafb263fb961fcb8f2e5402ae41cabfae04531 from 2025-04-11 18:15:04 -0500
    Launched: 20250411_192047
====================================================================================================

0     |Info:    [ProfileManager] Found file: lol.orp attempting to validate header
0     |Info:    [ProfileManager] Valid v4 profile found for lol
52    |Info:    [ResourceManager] Saving detector settings
53    |Info:    [ResourceManager] Initializing HID interfaces: Success
53    |Info:    ------------------------------------------------------
53    |Info:    |               Start device detection               |
53    |Info:    ------------------------------------------------------
57    |Info:    ------------------------------------------------------
57    |Info:    |             Detecting I2C interfaces               |
57    |Info:    ------------------------------------------------------
57    |Info:    [ResourceManager] Registering I2C interface: /dev/i2c-3 Device 1002:747E Subsystem: 1DA2:F475
57    |Warning: [i2c_smbus_linux] Failed to read i2c device PCI device ID
57    |Info:    [ResourceManager] Registering I2C interface: /dev/i2c-10 Device 0000:0000 Subsystem: 0000:0000
57    |Info:    [ResourceManager] Registering I2C interface: /dev/i2c-1 Device 1022:790B Subsystem: 1462:7E26
57    |Warning: [i2c_smbus_linux] Failed to read i2c device PCI device ID
57    |Info:    [ResourceManager] Registering I2C interface: /dev/i2c-17 Device 0000:0000 Subsystem: 0000:0000
57    |Info:    [ResourceManager] Registering I2C interface: /dev/i2c-8 Device 1002:747E Subsystem: 1DA2:F475
57    |Warning: [i2c_smbus_linux] Failed to read i2c device PCI device ID
57    |Info:    [ResourceManager] Registering I2C interface: /dev/i2c-15 Device 0000:0000 Subsystem: 0000:0000
57    |Info:    [ResourceManager] Registering I2C interface: /dev/i2c-6 Device 1002:747E Subsystem: 1DA2:F475
57    |Info:    [ResourceManager] Registering I2C interface: /dev/i2c-13 Device 1002:164E Subsystem: 1462:7E26
58    |Info:    [ResourceManager] Registering I2C interface: /dev/i2c-4 Device 1002:747E Subsystem: 1DA2:F475
58    |Info:    [ResourceManager] Registering I2C interface: /dev/i2c-11 Device 1002:164E Subsystem: 1462:7E26
58    |Info:    [ResourceManager] Registering I2C interface: /dev/i2c-2 Device 1022:790B Subsystem: 1462:7E26
58    |Info:    [ResourceManager] Registering I2C interface: /dev/i2c-0 Device 1022:790B Subsystem: 1462:7E26
58    |Warning: [i2c_smbus_linux] Failed to read i2c device PCI device ID
58    |Info:    [ResourceManager] Registering I2C interface: /dev/i2c-9 Device 0000:0000 Subsystem: 0000:0000
58    |Warning: [i2c_smbus_linux] Failed to read i2c device PCI device ID
58    |Info:    [ResourceManager] Registering I2C interface: /dev/i2c-16 Device 0000:0000 Subsystem: 0000:0000
58    |Info:    [ResourceManager] Registering I2C interface: /dev/i2c-7 Device 1002:747E Subsystem: 1DA2:F475
58    |Info:    [ResourceManager] Registering I2C interface: /dev/i2c-14 Device 1002:164E Subsystem: 1462:7E26
58    |Info:    [ResourceManager] Registering I2C interface: /dev/i2c-5 Device 1002:747E Subsystem: 1DA2:F475
58    |Info:    [ResourceManager] Registering I2C interface: /dev/i2c-12 Device 1002:164E Subsystem: 1462:7E26
58    |Info:    ------------------------------------------------------
58    |Info:    |               Detecting I2C devices                |
58    |Info:    ------------------------------------------------------
419   |Info:    [ENE DRAM] Registering RGB controller
674   |Info:    [ENE DRAM] Registering RGB controller
1872  |Info:    ------------------------------------------------------
1872  |Info:    |            Detecting I2C DIMM modules              |
1872  |Info:    ------------------------------------------------------
2879  |Info:    [ResourceManager] Detected occupied slot 2, bus 2, type DDR5
3876  |Info:    [ResourceManager] Detected occupied slot 4, bus 2, type DDR5
3900  |Info:    [ResourceManager] Detected occupied slot 2, bus 10, type DDR5
3905  |Info:    [ResourceManager] Detected occupied slot 4, bus 10, type DDR5
3929  |Info:    [ResourceManager] Detected occupied slot 2, bus 11, type DDR5
3933  |Info:    [ResourceManager] Detected occupied slot 4, bus 11, type DDR5
3952  |Info:    ------------------------------------------------------
3952  |Info:    |               Detecting I2C PCI devices            |
3952  |Info:    ------------------------------------------------------
3996  |Info:    ------------------------------------------------------
3996  |Info:    |               Detecting HID devices                |
3996  |Info:    ------------------------------------------------------
4064  |Info:    [MSI B650 GAMING PLUS WIFI (MS-7E26)] Registering RGB controller
4064  |Info:    ------------------------------------------------------
4064  |Info:    |            Detecting libusb HID devices            |
4064  |Info:    ------------------------------------------------------
4072  |Info:    ------------------------------------------------------
4072  |Info:    |              Detecting other devices               |
4072  |Info:    ------------------------------------------------------
4078  |Info:    [ResourceManager] Calling Post-detection callbacks
4078  |Info:    ------------------------------------------------------
4078  |Info:    |                Detection completed                 |
4078  |Info:    ------------------------------------------------------
17205 |Info:    [ProfileManager] Found file: lol.orp attempting to validate header
17205 |Info:    [ProfileManager] Valid v4 profile found for lol
33345 |Info:    [ProfileManager] Profile loading: Succeeded for ENE DRAM @ I2C: /dev/i2c-0, address 0x71
33345 |Info:    [ProfileManager] Profile loading: Succeeded for ENE DRAM @ I2C: /dev/i2c-0, address 0x73
33345 |Info:    [ProfileManager] Profile loading: FAILED! for MSI B650 GAMING PLUS WIFI (MS-7E26) @ HID: /dev/hidraw7
