2025-04-29 15:35:35.984 [info] [main] Log level: Info
2025-04-29 15:35:35.984 [info] [main] Validating found git in: "git"
2025-04-29 15:35:35.984 [info] [main] Using git "2.49.0" from "git"
2025-04-29 15:35:35.984 [info] [Model][doInitialScan] Initial repository scan started
2025-04-29 15:35:35.984 [info] > git rev-parse --show-toplevel [2ms]
2025-04-29 15:35:35.984 [info] > git rev-parse --git-dir --git-common-dir [3ms]
2025-04-29 15:35:35.984 [info] [Model][openRepository] Opened repository: /home/vmdjavem/Documents/rf
2025-04-29 15:35:35.991 [info] > git rev-parse --show-toplevel [1ms]
2025-04-29 15:35:35.991 [info] [Model][doInitialScan] Initial repository scan completed - repositories (1), closed repositories (0), parent repositories (0), unsafe repositories (0)
2025-04-29 15:35:35.992 [info] > git config --get commit.template [4ms]
2025-04-29 15:35:35.996 [info] [Git][getRemotes] No remotes found in the git config file
2025-04-29 15:35:35.997 [info] > git for-each-ref --format=%(refname)%00%(upstream:short)%00%(objectname)%00%(upstream:track)%00%(upstream:remotename)%00%(upstream:remoteref) refs/heads/master refs/remotes/master [2ms]
2025-04-29 15:35:35.997 [warning] [Git][getBranch] No such branch: master
2025-04-29 15:35:36.005 [info] > git status -z -uall [5ms]
2025-04-29 15:35:36.005 [info] > git for-each-ref --sort -committerdate --format %(refname)%00%(objectname)%00%(*objectname) [2ms]
2025-04-29 15:35:36.014 [info] > git for-each-ref --format=%(refname)%00%(upstream:short)%00%(objectname)%00%(upstream:track)%00%(upstream:remotename)%00%(upstream:remoteref) refs/heads/master refs/remotes/master [4ms]
2025-04-29 15:35:36.014 [warning] [Git][getBranch] No such branch: master
2025-04-29 15:35:36.015 [error] [GitHistoryProvider][resolveHEADMergeBase] Failed to resolve merge base for master: Error: No such branch: master.
2025-04-29 15:35:36.016 [info] > git config --get commit.template [2ms]
2025-04-29 15:35:36.019 [info] [Git][getRemotes] No remotes found in the git config file
2025-04-29 15:35:36.019 [info] > git for-each-ref --format=%(refname)%00%(upstream:short)%00%(objectname)%00%(upstream:track)%00%(upstream:remotename)%00%(upstream:remoteref) refs/heads/master refs/remotes/master [1ms]
2025-04-29 15:35:36.019 [warning] [Git][getBranch] No such branch: master
2025-04-29 15:35:36.025 [info] > git status -z -uall [3ms]
2025-04-29 15:35:36.025 [info] > git for-each-ref --sort -committerdate --format %(refname)%00%(objectname)%00%(*objectname) [1ms]
2025-04-29 15:35:36.496 [info] > git check-ignore -v -z --stdin [1ms]
2025-04-29 15:36:12.199 [info] > git log --format=%H%n%aN%n%aE%n%at%n%ct%n%P%n%D%n%B -z --shortstat --diff-merges=first-parent -n50 --skip=0 --topo-order --decorate=full --stdin [0ms]
2025-04-29 15:36:12.199 [info] fatal: bad revision 'refs/heads/master'
2025-04-29 15:36:12.199 [error] [GitHistoryProvider][provideHistoryItems] Failed to get history items with options '{"historyItemRefs":["refs/heads/master"],"limit":50,"skip":0}': Failed to execute git {
  "exitCode": 128,
  "gitCommand": "log",
  "stdout": "",
  "stderr": "fatal: bad revision 'refs/heads/master'\n"
}
2025-04-29 15:36:21.619 [info] [main] Log level: Info
2025-04-29 15:36:21.619 [info] [main] Validating found git in: "git"
2025-04-29 15:36:21.619 [info] [main] Using git "2.49.0" from "git"
2025-04-29 15:36:21.619 [info] [Model][doInitialScan] Initial repository scan started
2025-04-29 15:36:21.619 [info] > git rev-parse --show-toplevel [2ms]
2025-04-29 15:36:21.625 [info] > git rev-parse --git-dir --git-common-dir [3ms]
2025-04-29 15:36:21.630 [info] [Model][openRepository] Opened repository: /home/vmdjavem/Documents/rf
2025-04-29 15:36:21.638 [info] > git rev-parse --show-toplevel [1ms]
2025-04-29 15:36:21.638 [info] [Model][doInitialScan] Initial repository scan completed - repositories (1), closed repositories (0), parent repositories (0), unsafe repositories (0)
2025-04-29 15:36:21.639 [info] > git config --get commit.template [4ms]
2025-04-29 15:36:21.643 [info] [Git][getRemotes] No remotes found in the git config file
2025-04-29 15:36:21.644 [info] > git for-each-ref --format=%(refname)%00%(upstream:short)%00%(objectname)%00%(upstream:track)%00%(upstream:remotename)%00%(upstream:remoteref) refs/heads/master refs/remotes/master [1ms]
2025-04-29 15:36:21.644 [warning] [Git][getBranch] No such branch: master
2025-04-29 15:36:21.651 [info] > git status -z -uall [4ms]
2025-04-29 15:36:21.652 [info] > git for-each-ref --sort -committerdate --format %(refname)%00%(objectname)%00%(*objectname) [2ms]
2025-04-29 15:36:21.661 [info] > git for-each-ref --format=%(refname)%00%(upstream:short)%00%(objectname)%00%(upstream:track)%00%(upstream:remotename)%00%(upstream:remoteref) refs/heads/master refs/remotes/master [4ms]
2025-04-29 15:36:21.661 [warning] [Git][getBranch] No such branch: master
2025-04-29 15:36:21.661 [error] [GitHistoryProvider][resolveHEADMergeBase] Failed to resolve merge base for master: Error: No such branch: master.
2025-04-29 15:36:21.662 [info] > git config --get commit.template [1ms]
2025-04-29 15:36:21.665 [info] [Git][getRemotes] No remotes found in the git config file
2025-04-29 15:36:21.666 [info] > git for-each-ref --format=%(refname)%00%(upstream:short)%00%(objectname)%00%(upstream:track)%00%(upstream:remotename)%00%(upstream:remoteref) refs/heads/master refs/remotes/master [1ms]
2025-04-29 15:36:21.666 [warning] [Git][getBranch] No such branch: master
2025-04-29 15:36:21.671 [info] > git status -z -uall [3ms]
2025-04-29 15:36:21.672 [info] > git for-each-ref --sort -committerdate --format %(refname)%00%(objectname)%00%(*objectname) [1ms]
2025-04-29 15:36:30.060 [info] > git check-ignore -v -z --stdin [1ms]
